Using pre-set license
Built from '6000.1/staging' branch; Version is '6000.1.6f1 (d64b1a599cad) revision 14043930'; Using compiler version '194234433'; Build Type 'Release'
OS: 'Windows 11  (10.0.26100) 64bit Professional' Language: 'ru' Physical Memory: 16085 MB
BatchMode: 1, IsHumanControllingUs: 0, StartBugReporterOnCrash: 0, Is64bit: 1, IsPro: 1
Date: 2025-07-06T14:01:30Z

COMMAND LINE ARGUMENTS:
C:\Program Files\Unity\Hub\Editor\6000.1.6f1\Editor\Unity.exe
-adb2
-batchMode
-noUpm
-name
AssetImportWorker1
-projectPath
C:/Users/egor2/Game
-logFile
Logs/AssetImportWorker1.log
-srvPort
64566
-job-worker-count
5
-background-job-worker-count
8
-gc-helper-count
1
-name
AssetImport
Successfully changed project path to: C:/Users/egor2/Game
C:/Users/egor2/Game
[UnityMemory] Configuration Parameters - Can be set up in boot.config
    "memorysetup-allocator-temp-initial-block-size-main=262144"
    "memorysetup-allocator-temp-initial-block-size-worker=262144"
    "memorysetup-bucket-allocator-granularity=16"
    "memorysetup-bucket-allocator-bucket-count=8"
    "memorysetup-bucket-allocator-block-size=33554432"
    "memorysetup-bucket-allocator-block-count=8"
    "memorysetup-main-allocator-block-size=16777216"
    "memorysetup-thread-allocator-block-size=16777216"
    "memorysetup-gfx-main-allocator-block-size=16777216"
    "memorysetup-gfx-thread-allocator-block-size=16777216"
    "memorysetup-cache-allocator-block-size=4194304"
    "memorysetup-typetree-allocator-block-size=2097152"
    "memorysetup-profiler-bucket-allocator-granularity=16"
    "memorysetup-profiler-bucket-allocator-bucket-count=8"
    "memorysetup-profiler-bucket-allocator-block-size=33554432"
    "memorysetup-profiler-bucket-allocator-block-count=8"
    "memorysetup-profiler-allocator-block-size=16777216"
    "memorysetup-profiler-editor-allocator-block-size=1048576"
    "memorysetup-temp-allocator-size-main=16777216"
    "memorysetup-job-temp-allocator-block-size=2097152"
    "memorysetup-job-temp-allocator-block-size-background=1048576"
    "memorysetup-job-temp-allocator-reduction-small-platforms=262144"
    "memorysetup-temp-allocator-size-background-worker=32768"
    "memorysetup-temp-allocator-size-job-worker=262144"
    "memorysetup-temp-allocator-size-preload-manager=33554432"
    "memorysetup-temp-allocator-size-nav-mesh-worker=65536"
    "memorysetup-temp-allocator-size-audio-worker=65536"
    "memorysetup-temp-allocator-size-cloud-worker=32768"
    "memorysetup-temp-allocator-size-gi-baking-worker=262144"
    "memorysetup-temp-allocator-size-gi-baking-worker=262144"
    "memorysetup-temp-allocator-size-gi-baking-worker=262144"
    "memorysetup-temp-allocator-size-gi-baking-worker=262144"
    "memorysetup-temp-allocator-size-gi-baking-worker=262144"
    "memorysetup-temp-allocator-size-gfx=262144"
Player connection [11552]  Target information:

Player connection [11552]  * "[IP] 10.244.1.31 [Port] 0 [Flags] 2 [Guid] 2295609833 [EditorId] 2295609833 [Version] 1048832 [Id] WindowsEditor(7,MOLARK) [Debug] 1 [PackageName] WindowsEditor [ProjectName] Editor" 

Player connection [11552]  * "[IP] 192.168.56.1 [Port] 0 [Flags] 2 [Guid] 2295609833 [EditorId] 2295609833 [Version] 1048832 [Id] WindowsEditor(7,MOLARK) [Debug] 1 [PackageName] WindowsEditor [ProjectName] Editor" 

Player connection [11552] Host joined multi-casting on [225.0.0.222:54997]...
Player connection [11552] Host joined alternative multi-casting on [225.0.0.222:34997]...
JobSystem: Creating JobQueue using job-worker-count value 5
Input System module state changed to: Initialized.
[Physics::Module] Initialized fallback backend.
[Physics::Module] Id: 0xdecafbad
Library Redirect Path: Library/
[Physics::Module] Selected backend.
[Physics::Module] Name: PhysX
[Physics::Module] Id: 0xf2b8ea05
[Physics::Module] SDK Version: 4.1.2
[Physics::Module] Integration Version: 1.0.0
[Physics::Module] Threading Mode: Multi-Threaded
Refreshing native plugins compatible for Editor in 3.15 ms, found 4 plugins.
Preloading 0 native plugins for Editor in 0.00 ms.
Initialize engine version: 6000.1.6f1 (d64b1a599cad)
[Subsystems] Discovering subsystems at path C:/Program Files/Unity/Hub/Editor/6000.1.6f1/Editor/Data/Resources/UnitySubsystems
[Subsystems] Discovering subsystems at path C:/Users/egor2/Game/Assets
GfxDevice: creating device client; kGfxThreadingModeNonThreaded
Direct3D:
    Version:         Direct3D 12 [level 12.1]
    Renderer:        NVIDIA GeForce GTX 1650 (ID=0x1f9d)
    Vendor:          NVIDIA
    VRAM:            3937 MB
    App VRAM Budget: 3346 MB
    Driver:          32.0.15.6636
Initialize mono
Mono path[0] = 'C:/Program Files/Unity/Hub/Editor/6000.1.6f1/Editor/Data/Managed'
Mono path[1] = 'C:/Program Files/Unity/Hub/Editor/6000.1.6f1/Editor/Data/MonoBleedingEdge/lib/mono/unityjit-win32'
Mono config path = 'C:/Program Files/Unity/Hub/Editor/6000.1.6f1/Editor/Data/MonoBleedingEdge/etc'
Using monoOptions --debugger-agent=transport=dt_socket,embedding=1,server=y,suspend=n,address=127.0.0.1:56040
Begin MonoManager ReloadAssembly
Registering precompiled unity dll's ...
Register platform support module: C:/Program Files/Unity/Hub/Editor/6000.1.6f1/Editor/Data/PlaybackEngines/WindowsStandaloneSupport/UnityEditor.WindowsStandalone.Extensions.dll
Registered in 0.001409 seconds.
- Loaded All Assemblies, in  0.393 seconds
Native extension for WindowsStandalone target not found
Mono: successfully reloaded assembly
- Finished resetting the current domain, in  0.368 seconds
Domain Reload Profiling: 760ms
	BeginReloadAssembly (128ms)
		ExecutionOrderSort (0ms)
		DisableScriptedObjects (0ms)
		BackupInstance (0ms)
		ReleaseScriptingObjects (0ms)
		CreateAndSetChildDomain (1ms)
	RebuildCommonClasses (41ms)
	RebuildNativeTypeToScriptingClass (14ms)
	initialDomainReloadingComplete (45ms)
	LoadAllAssembliesAndSetupDomain (162ms)
		LoadAssemblies (125ms)
		RebuildTransferFunctionScriptingTraits (0ms)
		AnalyzeDomain (159ms)
			TypeCache.Refresh (157ms)
				TypeCache.ScanAssembly (145ms)
			BuildScriptInfoCaches (0ms)
			ResolveRequiredComponents (0ms)
	FinalizeReload (369ms)
		ReleaseScriptCaches (0ms)
		RebuildScriptCaches (0ms)
		SetupLoadedEditorAssemblies (324ms)
			LogAssemblyErrors (0ms)
			InitializePlatformSupportModulesInManaged (45ms)
			SetLoadedEditorAssemblies (5ms)
			BeforeProcessingInitializeOnLoad (59ms)
			ProcessInitializeOnLoadAttributes (147ms)
			ProcessInitializeOnLoadMethodAttributes (68ms)
			AfterProcessingInitializeOnLoad (0ms)
			EditorAssembliesLoaded (0ms)
		ExecutionOrderSort2 (0ms)
		AwakeInstancesAfterBackupRestoration (0ms)
========================================================================
Worker process is ready to serve import requests
Import Worker Mode flag is 0x00
Begin MonoManager ReloadAssembly
- Loaded All Assemblies, in  0.813 seconds
Refreshing native plugins compatible for Editor in 3.00 ms, found 4 plugins.
Native extension for WindowsStandalone target not found
Mono: successfully reloaded assembly
- Finished resetting the current domain, in  0.733 seconds
Domain Reload Profiling: 1543ms
	BeginReloadAssembly (196ms)
		ExecutionOrderSort (0ms)
		DisableScriptedObjects (6ms)
		BackupInstance (0ms)
		ReleaseScriptingObjects (0ms)
		CreateAndSetChildDomain (46ms)
	RebuildCommonClasses (37ms)
	RebuildNativeTypeToScriptingClass (12ms)
	initialDomainReloadingComplete (43ms)
	LoadAllAssembliesAndSetupDomain (520ms)
		LoadAssemblies (362ms)
		RebuildTransferFunctionScriptingTraits (0ms)
		AnalyzeDomain (257ms)
			TypeCache.Refresh (189ms)
				TypeCache.ScanAssembly (173ms)
			BuildScriptInfoCaches (53ms)
			ResolveRequiredComponents (11ms)
	FinalizeReload (734ms)
		ReleaseScriptCaches (0ms)
		RebuildScriptCaches (0ms)
		SetupLoadedEditorAssemblies (587ms)
			LogAssemblyErrors (0ms)
			InitializePlatformSupportModulesInManaged (2ms)
			SetLoadedEditorAssemblies (4ms)
			BeforeProcessingInitializeOnLoad (124ms)
			ProcessInitializeOnLoadAttributes (336ms)
			ProcessInitializeOnLoadMethodAttributes (117ms)
			AfterProcessingInitializeOnLoad (4ms)
			EditorAssembliesLoaded (0ms)
		ExecutionOrderSort2 (0ms)
		AwakeInstancesAfterBackupRestoration (6ms)
Launched and connected shader compiler UnityShaderCompiler.exe after 0.02 seconds
Refreshing native plugins compatible for Editor in 1.88 ms, found 4 plugins.
Preloading 0 native plugins for Editor in 0.00 ms.
Unloading 230 Unused Serialized files (Serialized files now loaded: 0)
Unloading 6653 unused Assets / (7.0 MB). Loaded Objects now: 7342.
Memory consumption went from 174.9 MB to 167.9 MB.
Total: 12.804000 ms (FindLiveObjects: 0.985500 ms CreateObjectMapping: 1.089600 ms MarkObjects: 6.372600 ms  DeleteObjects: 4.352700 ms)

========================================================================
Received Import Request.
  Time since last request: 3439.894666 seconds.
  path: Assets/DefaultNetworkPrefabs.asset
  artifactKey: Guid(ca99e59f7c8dc3467b5be880ac82e778) Importer(815301076,1909f56bfc062723c751e8b465ee728b)
Start importing Assets/DefaultNetworkPrefabs.asset using Guid(ca99e59f7c8dc3467b5be880ac82e778) Importer(815301076,1909f56bfc062723c751e8b465ee728b) (PreviewImporter) -> (artifact id: 'cdfdf1a0bf62c32273915e013d4a4e78') in 0.0803607 seconds
Number of updated asset objects reloaded before import = 0Number of asset objects unloaded after import = 155

========================================================================
Received Prepare
Begin MonoManager ReloadAssembly
- Loaded All Assemblies, in  0.752 seconds
Refreshing native plugins compatible for Editor in 1.34 ms, found 4 plugins.
Native extension for WindowsStandalone target not found
Mono: successfully reloaded assembly
- Finished resetting the current domain, in  0.796 seconds
Domain Reload Profiling: 1547ms
	BeginReloadAssembly (225ms)
		ExecutionOrderSort (0ms)
		DisableScriptedObjects (18ms)
		BackupInstance (0ms)
		ReleaseScriptingObjects (0ms)
		CreateAndSetChildDomain (59ms)
	RebuildCommonClasses (50ms)
	RebuildNativeTypeToScriptingClass (21ms)
	initialDomainReloadingComplete (30ms)
	LoadAllAssembliesAndSetupDomain (425ms)
		LoadAssemblies (334ms)
		RebuildTransferFunctionScriptingTraits (0ms)
		AnalyzeDomain (186ms)
			TypeCache.Refresh (9ms)
				TypeCache.ScanAssembly (0ms)
			BuildScriptInfoCaches (162ms)
			ResolveRequiredComponents (11ms)
	FinalizeReload (797ms)
		ReleaseScriptCaches (0ms)
		RebuildScriptCaches (0ms)
		SetupLoadedEditorAssemblies (620ms)
			LogAssemblyErrors (0ms)
			InitializePlatformSupportModulesInManaged (2ms)
			SetLoadedEditorAssemblies (4ms)
			BeforeProcessingInitializeOnLoad (154ms)
			ProcessInitializeOnLoadAttributes (357ms)
			ProcessInitializeOnLoadMethodAttributes (99ms)
			AfterProcessingInitializeOnLoad (6ms)
			EditorAssembliesLoaded (0ms)
		ExecutionOrderSort2 (0ms)
		AwakeInstancesAfterBackupRestoration (18ms)
Refreshing native plugins compatible for Editor in 1.76 ms, found 4 plugins.
Preloading 0 native plugins for Editor in 0.00 ms.
Unloading 31 Unused Serialized files (Serialized files now loaded: 0)
Unloading 6653 unused Assets / (7.3 MB). Loaded Objects now: 7348.
Memory consumption went from 146.8 MB to 139.5 MB.
Total: 11.435700 ms (FindLiveObjects: 0.737500 ms CreateObjectMapping: 0.768800 ms MarkObjects: 4.899100 ms  DeleteObjects: 5.029200 ms)

Prepare: number of updated asset objects reloaded= 0
========================================================================
Received Prepare
Begin MonoManager ReloadAssembly
- Loaded All Assemblies, in  1.121 seconds
Refreshing native plugins compatible for Editor in 1.53 ms, found 4 plugins.
Native extension for WindowsStandalone target not found
Mono: successfully reloaded assembly
- Finished resetting the current domain, in  0.667 seconds
Domain Reload Profiling: 1787ms
	BeginReloadAssembly (395ms)
		ExecutionOrderSort (0ms)
		DisableScriptedObjects (23ms)
		BackupInstance (0ms)
		ReleaseScriptingObjects (0ms)
		CreateAndSetChildDomain (102ms)
	RebuildCommonClasses (64ms)
	RebuildNativeTypeToScriptingClass (22ms)
	initialDomainReloadingComplete (42ms)
	LoadAllAssembliesAndSetupDomain (597ms)
		LoadAssemblies (514ms)
		RebuildTransferFunctionScriptingTraits (0ms)
		AnalyzeDomain (263ms)
			TypeCache.Refresh (10ms)
				TypeCache.ScanAssembly (0ms)
			BuildScriptInfoCaches (231ms)
			ResolveRequiredComponents (17ms)
	FinalizeReload (667ms)
		ReleaseScriptCaches (0ms)
		RebuildScriptCaches (0ms)
		SetupLoadedEditorAssemblies (506ms)
			LogAssemblyErrors (0ms)
			InitializePlatformSupportModulesInManaged (2ms)
			SetLoadedEditorAssemblies (3ms)
			BeforeProcessingInitializeOnLoad (133ms)
			ProcessInitializeOnLoadAttributes (290ms)
			ProcessInitializeOnLoadMethodAttributes (73ms)
			AfterProcessingInitializeOnLoad (5ms)
			EditorAssembliesLoaded (0ms)
		ExecutionOrderSort2 (0ms)
		AwakeInstancesAfterBackupRestoration (13ms)
Refreshing native plugins compatible for Editor in 1.38 ms, found 4 plugins.
Preloading 0 native plugins for Editor in 0.00 ms.
Unloading 31 Unused Serialized files (Serialized files now loaded: 0)
Unloading 6651 unused Assets / (6.7 MB). Loaded Objects now: 7350.
Memory consumption went from 149.0 MB to 142.3 MB.
Total: 9.190800 ms (FindLiveObjects: 0.725100 ms CreateObjectMapping: 0.653500 ms MarkObjects: 4.182700 ms  DeleteObjects: 3.627800 ms)

Prepare: number of updated asset objects reloaded= 0
========================================================================
Received Prepare
Assembly with name 'Tests.EditMode' already exists (Assets/Tests/Tests.Editor.asmdef)
Assembly with name 'Tests.EditMode' already exists (Assets/Tests/Editor/Tests.Editor.asmdef)
Assembly with name 'Tests.EditMode' already exists (Assets/Tests/Tests.Editor.asmdef)
Assembly with name 'Tests.EditMode' already exists (Assets/Tests/Editor/Tests.Editor.asmdef)
Begin MonoManager ReloadAssembly
- Loaded All Assemblies, in  1.130 seconds
Assembly with name 'Tests.EditMode' already exists (Assets/Tests/Tests.Editor.asmdef)
Assembly with name 'Tests.EditMode' already exists (Assets/Tests/Editor/Tests.Editor.asmdef)
Refreshing native plugins compatible for Editor in 1.75 ms, found 4 plugins.
Native extension for WindowsStandalone target not found
Assembly with name 'Tests.EditMode' already exists (Assets/Tests/Tests.Editor.asmdef)
Assembly with name 'Tests.EditMode' already exists (Assets/Tests/Editor/Tests.Editor.asmdef)
Mono: successfully reloaded assembly
- Finished resetting the current domain, in  0.899 seconds
Domain Reload Profiling: 2025ms
	BeginReloadAssembly (298ms)
		ExecutionOrderSort (0ms)
		DisableScriptedObjects (16ms)
		BackupInstance (0ms)
		ReleaseScriptingObjects (0ms)
		CreateAndSetChildDomain (72ms)
	RebuildCommonClasses (57ms)
	RebuildNativeTypeToScriptingClass (30ms)
	initialDomainReloadingComplete (50ms)
	LoadAllAssembliesAndSetupDomain (689ms)
		LoadAssemblies (465ms)
		RebuildTransferFunctionScriptingTraits (0ms)
		AnalyzeDomain (354ms)
			TypeCache.Refresh (12ms)
				TypeCache.ScanAssembly (0ms)
			BuildScriptInfoCaches (318ms)
			ResolveRequiredComponents (17ms)
	FinalizeReload (900ms)
		ReleaseScriptCaches (0ms)
		RebuildScriptCaches (0ms)
		SetupLoadedEditorAssemblies (680ms)
			LogAssemblyErrors (0ms)
			InitializePlatformSupportModulesInManaged (2ms)
			SetLoadedEditorAssemblies (5ms)
			BeforeProcessingInitializeOnLoad (189ms)
			ProcessInitializeOnLoadAttributes (387ms)
			ProcessInitializeOnLoadMethodAttributes (90ms)
			AfterProcessingInitializeOnLoad (7ms)
			EditorAssembliesLoaded (1ms)
		ExecutionOrderSort2 (0ms)
		AwakeInstancesAfterBackupRestoration (23ms)
Refreshing native plugins compatible for Editor in 1.72 ms, found 4 plugins.
Preloading 0 native plugins for Editor in 0.00 ms.
Unloading 31 Unused Serialized files (Serialized files now loaded: 0)
Unloading 6651 unused Assets / (6.5 MB). Loaded Objects now: 7352.
Memory consumption went from 151.1 MB to 144.6 MB.
Total: 12.295300 ms (FindLiveObjects: 0.711400 ms CreateObjectMapping: 0.764500 ms MarkObjects: 6.219700 ms  DeleteObjects: 4.598200 ms)

Prepare: number of updated asset objects reloaded= 0
========================================================================
Received Prepare
Assembly with name 'Tests.EditMode' already exists (Assets/Tests/Editor/Tests.Editor.asmdef)
Assembly with name 'Tests.EditMode' already exists (Assets/Tests/EditMode/Tests.EditMode.asmdef)
Assembly with name 'Tests.EditMode' already exists (Assets/Tests/Tests.Editor.asmdef)
Assembly with name 'Tests.EditMode' already exists (Assets/Tests/EditMode/Tests.EditMode.asmdef)
Assembly with name 'Tests.EditMode' already exists (Assets/Tests/Editor/Tests.Editor.asmdef)
Assembly with name 'Tests.EditMode' already exists (Assets/Tests/EditMode/Tests.EditMode.asmdef)
Assembly with name 'Tests.EditMode' already exists (Assets/Tests/Tests.Editor.asmdef)
Assembly with name 'Tests.EditMode' already exists (Assets/Tests/EditMode/Tests.EditMode.asmdef)
Begin MonoManager ReloadAssembly
- Loaded All Assemblies, in  1.090 seconds
Assembly with name 'Tests.EditMode' already exists (Assets/Tests/Editor/Tests.Editor.asmdef)
Assembly with name 'Tests.EditMode' already exists (Assets/Tests/EditMode/Tests.EditMode.asmdef)
Assembly with name 'Tests.EditMode' already exists (Assets/Tests/Tests.Editor.asmdef)
Assembly with name 'Tests.EditMode' already exists (Assets/Tests/EditMode/Tests.EditMode.asmdef)
Refreshing native plugins compatible for Editor in 2.98 ms, found 4 plugins.
Native extension for WindowsStandalone target not found
Assembly with name 'Tests.EditMode' already exists (Assets/Tests/Editor/Tests.Editor.asmdef)
Assembly with name 'Tests.EditMode' already exists (Assets/Tests/EditMode/Tests.EditMode.asmdef)
Assembly with name 'Tests.EditMode' already exists (Assets/Tests/Tests.Editor.asmdef)
Assembly with name 'Tests.EditMode' already exists (Assets/Tests/EditMode/Tests.EditMode.asmdef)
Mono: successfully reloaded assembly
- Finished resetting the current domain, in  0.938 seconds
Domain Reload Profiling: 2030ms
	BeginReloadAssembly (278ms)
		ExecutionOrderSort (0ms)
		DisableScriptedObjects (20ms)
		BackupInstance (0ms)
		ReleaseScriptingObjects (0ms)
		CreateAndSetChildDomain (71ms)
	RebuildCommonClasses (60ms)
	RebuildNativeTypeToScriptingClass (21ms)
	initialDomainReloadingComplete (35ms)
	LoadAllAssembliesAndSetupDomain (698ms)
		LoadAssemblies (445ms)
		RebuildTransferFunctionScriptingTraits (0ms)
		AnalyzeDomain (367ms)
			TypeCache.Refresh (12ms)
				TypeCache.ScanAssembly (0ms)
			BuildScriptInfoCaches (328ms)
			ResolveRequiredComponents (20ms)
	FinalizeReload (939ms)
		ReleaseScriptCaches (0ms)
		RebuildScriptCaches (0ms)
		SetupLoadedEditorAssemblies (703ms)
			LogAssemblyErrors (0ms)
			InitializePlatformSupportModulesInManaged (2ms)
			SetLoadedEditorAssemblies (4ms)
			BeforeProcessingInitializeOnLoad (184ms)
			ProcessInitializeOnLoadAttributes (409ms)
			ProcessInitializeOnLoadMethodAttributes (97ms)
			AfterProcessingInitializeOnLoad (7ms)
			EditorAssembliesLoaded (0ms)
		ExecutionOrderSort2 (0ms)
		AwakeInstancesAfterBackupRestoration (18ms)
Refreshing native plugins compatible for Editor in 1.70 ms, found 4 plugins.
Preloading 0 native plugins for Editor in 0.00 ms.
Unloading 31 Unused Serialized files (Serialized files now loaded: 0)
Unloading 6651 unused Assets / (6.4 MB). Loaded Objects now: 7354.
Memory consumption went from 153.1 MB to 146.8 MB.
Total: 12.582200 ms (FindLiveObjects: 0.701800 ms CreateObjectMapping: 0.728600 ms MarkObjects: 6.580500 ms  DeleteObjects: 4.569500 ms)

Prepare: number of updated asset objects reloaded= 0
========================================================================
Received Prepare
Assembly with name 'Tests.EditMode' already exists (Assets/Tests/Editor/Tests.Editor.asmdef)
Assembly with name 'Tests.EditMode' already exists (Assets/Tests/EditMode/Tests.EditMode.asmdef)
Assembly with name 'Tests.EditMode' already exists (Assets/Tests/Tests.Editor.asmdef)
Assembly with name 'Tests.EditMode' already exists (Assets/Tests/EditMode/Tests.EditMode.asmdef)
Assembly with name 'Tests.EditMode' already exists (Assets/Tests/Editor/Tests.Editor.asmdef)
Assembly with name 'Tests.EditMode' already exists (Assets/Tests/EditMode/Tests.EditMode.asmdef)
Assembly with name 'Tests.EditMode' already exists (Assets/Tests/Tests.Editor.asmdef)
Assembly with name 'Tests.EditMode' already exists (Assets/Tests/EditMode/Tests.EditMode.asmdef)
Begin MonoManager ReloadAssembly
- Loaded All Assemblies, in  0.713 seconds
Assembly with name 'Tests.EditMode' already exists (Assets/Tests/Editor/Tests.Editor.asmdef)
Assembly with name 'Tests.EditMode' already exists (Assets/Tests/EditMode/Tests.EditMode.asmdef)
Assembly with name 'Tests.EditMode' already exists (Assets/Tests/Tests.Editor.asmdef)
Assembly with name 'Tests.EditMode' already exists (Assets/Tests/EditMode/Tests.EditMode.asmdef)
Refreshing native plugins compatible for Editor in 1.26 ms, found 4 plugins.
Native extension for WindowsStandalone target not found
Assembly with name 'Tests.EditMode' already exists (Assets/Tests/Editor/Tests.Editor.asmdef)
Assembly with name 'Tests.EditMode' already exists (Assets/Tests/EditMode/Tests.EditMode.asmdef)
Assembly with name 'Tests.EditMode' already exists (Assets/Tests/Tests.Editor.asmdef)
Assembly with name 'Tests.EditMode' already exists (Assets/Tests/EditMode/Tests.EditMode.asmdef)
Mono: successfully reloaded assembly
- Finished resetting the current domain, in  0.749 seconds
Domain Reload Profiling: 1463ms
	BeginReloadAssembly (204ms)
		ExecutionOrderSort (0ms)
		DisableScriptedObjects (19ms)
		BackupInstance (0ms)
		ReleaseScriptingObjects (0ms)
		CreateAndSetChildDomain (48ms)
	RebuildCommonClasses (34ms)
	RebuildNativeTypeToScriptingClass (13ms)
	initialDomainReloadingComplete (29ms)
	LoadAllAssembliesAndSetupDomain (433ms)
		LoadAssemblies (311ms)
		RebuildTransferFunctionScriptingTraits (0ms)
		AnalyzeDomain (204ms)
			TypeCache.Refresh (9ms)
				TypeCache.ScanAssembly (0ms)
			BuildScriptInfoCaches (181ms)
			ResolveRequiredComponents (10ms)
	FinalizeReload (750ms)
		ReleaseScriptCaches (0ms)
		RebuildScriptCaches (0ms)
		SetupLoadedEditorAssemblies (587ms)
			LogAssemblyErrors (0ms)
			InitializePlatformSupportModulesInManaged (2ms)
			SetLoadedEditorAssemblies (3ms)
			BeforeProcessingInitializeOnLoad (141ms)
			ProcessInitializeOnLoadAttributes (334ms)
			ProcessInitializeOnLoadMethodAttributes (99ms)
			AfterProcessingInitializeOnLoad (7ms)
			EditorAssembliesLoaded (1ms)
		ExecutionOrderSort2 (0ms)
		AwakeInstancesAfterBackupRestoration (18ms)
Refreshing native plugins compatible for Editor in 1.63 ms, found 4 plugins.
Preloading 0 native plugins for Editor in 0.00 ms.
Unloading 31 Unused Serialized files (Serialized files now loaded: 0)
Unloading 6651 unused Assets / (6.5 MB). Loaded Objects now: 7356.
Memory consumption went from 155.1 MB to 148.6 MB.
Total: 11.742400 ms (FindLiveObjects: 0.798600 ms CreateObjectMapping: 0.811400 ms MarkObjects: 6.173500 ms  DeleteObjects: 3.957500 ms)

Prepare: number of updated asset objects reloaded= 0
========================================================================
Received Prepare
Assembly with name 'Tests.EditMode' already exists (Assets/Tests/Editor/Tests.Editor.asmdef)
Assembly with name 'Tests.EditMode' already exists (Assets/Tests/EditMode/Tests.EditMode.asmdef)
Assembly with name 'Tests.EditMode' already exists (Assets/Tests/Tests.Editor.asmdef)
Assembly with name 'Tests.EditMode' already exists (Assets/Tests/EditMode/Tests.EditMode.asmdef)
Assembly with name 'Tests.EditMode' already exists (Assets/Tests/Editor/Tests.Editor.asmdef)
Assembly with name 'Tests.EditMode' already exists (Assets/Tests/EditMode/Tests.EditMode.asmdef)
Assembly with name 'Tests.EditMode' already exists (Assets/Tests/Tests.Editor.asmdef)
Assembly with name 'Tests.EditMode' already exists (Assets/Tests/EditMode/Tests.EditMode.asmdef)
Begin MonoManager ReloadAssembly
- Loaded All Assemblies, in  0.727 seconds
Assembly with name 'Tests.EditMode' already exists (Assets/Tests/Editor/Tests.Editor.asmdef)
Assembly with name 'Tests.EditMode' already exists (Assets/Tests/EditMode/Tests.EditMode.asmdef)
Assembly with name 'Tests.EditMode' already exists (Assets/Tests/Tests.Editor.asmdef)
Assembly with name 'Tests.EditMode' already exists (Assets/Tests/EditMode/Tests.EditMode.asmdef)
Refreshing native plugins compatible for Editor in 1.25 ms, found 4 plugins.
Native extension for WindowsStandalone target not found
Assembly with name 'Tests.EditMode' already exists (Assets/Tests/Editor/Tests.Editor.asmdef)
Assembly with name 'Tests.EditMode' already exists (Assets/Tests/EditMode/Tests.EditMode.asmdef)
Assembly with name 'Tests.EditMode' already exists (Assets/Tests/Tests.Editor.asmdef)
Assembly with name 'Tests.EditMode' already exists (Assets/Tests/EditMode/Tests.EditMode.asmdef)
Mono: successfully reloaded assembly
- Finished resetting the current domain, in  0.657 seconds
Domain Reload Profiling: 1384ms
	BeginReloadAssembly (225ms)
		ExecutionOrderSort (0ms)
		DisableScriptedObjects (19ms)
		BackupInstance (0ms)
		ReleaseScriptingObjects (0ms)
		CreateAndSetChildDomain (48ms)
	RebuildCommonClasses (41ms)
	RebuildNativeTypeToScriptingClass (13ms)
	initialDomainReloadingComplete (25ms)
	LoadAllAssembliesAndSetupDomain (422ms)
		LoadAssemblies (322ms)
		RebuildTransferFunctionScriptingTraits (0ms)
		AnalyzeDomain (200ms)
			TypeCache.Refresh (7ms)
				TypeCache.ScanAssembly (0ms)
			BuildScriptInfoCaches (177ms)
			ResolveRequiredComponents (11ms)
	FinalizeReload (658ms)
		ReleaseScriptCaches (0ms)
		RebuildScriptCaches (0ms)
		SetupLoadedEditorAssemblies (502ms)
			LogAssemblyErrors (0ms)
			InitializePlatformSupportModulesInManaged (2ms)
			SetLoadedEditorAssemblies (4ms)
			BeforeProcessingInitializeOnLoad (134ms)
			ProcessInitializeOnLoadAttributes (287ms)
			ProcessInitializeOnLoadMethodAttributes (71ms)
			AfterProcessingInitializeOnLoad (5ms)
			EditorAssembliesLoaded (0ms)
		ExecutionOrderSort2 (0ms)
		AwakeInstancesAfterBackupRestoration (13ms)
Refreshing native plugins compatible for Editor in 1.57 ms, found 4 plugins.
Preloading 0 native plugins for Editor in 0.00 ms.
Unloading 31 Unused Serialized files (Serialized files now loaded: 0)
Unloading 6651 unused Assets / (6.5 MB). Loaded Objects now: 7358.
Memory consumption went from 157.3 MB to 150.8 MB.
Total: 9.202400 ms (FindLiveObjects: 0.741900 ms CreateObjectMapping: 0.686800 ms MarkObjects: 4.131500 ms  DeleteObjects: 3.640700 ms)

Prepare: number of updated asset objects reloaded= 0
========================================================================
Received Prepare
Assembly with name 'Tests.EditMode' already exists (Assets/Tests/Editor/Tests.Editor.asmdef)
Assembly with name 'Tests.EditMode' already exists (Assets/Tests/EditMode/Tests.EditMode.asmdef)
Assembly with name 'Tests.EditMode' already exists (Assets/Tests/Tests.Editor.asmdef)
Assembly with name 'Tests.EditMode' already exists (Assets/Tests/EditMode/Tests.EditMode.asmdef)
Assembly with name 'Tests.EditMode' already exists (Assets/Tests/Editor/Tests.Editor.asmdef)
Assembly with name 'Tests.EditMode' already exists (Assets/Tests/EditMode/Tests.EditMode.asmdef)
Assembly with name 'Tests.EditMode' already exists (Assets/Tests/Tests.Editor.asmdef)
Assembly with name 'Tests.EditMode' already exists (Assets/Tests/EditMode/Tests.EditMode.asmdef)
Begin MonoManager ReloadAssembly
- Loaded All Assemblies, in  0.716 seconds
Assembly with name 'Tests.EditMode' already exists (Assets/Tests/Editor/Tests.Editor.asmdef)
Assembly with name 'Tests.EditMode' already exists (Assets/Tests/EditMode/Tests.EditMode.asmdef)
Assembly with name 'Tests.EditMode' already exists (Assets/Tests/Tests.Editor.asmdef)
Assembly with name 'Tests.EditMode' already exists (Assets/Tests/EditMode/Tests.EditMode.asmdef)
Refreshing native plugins compatible for Editor in 1.36 ms, found 4 plugins.
Native extension for WindowsStandalone target not found
Assembly with name 'Tests.EditMode' already exists (Assets/Tests/Editor/Tests.Editor.asmdef)
Assembly with name 'Tests.EditMode' already exists (Assets/Tests/EditMode/Tests.EditMode.asmdef)
Assembly with name 'Tests.EditMode' already exists (Assets/Tests/Tests.Editor.asmdef)
Assembly with name 'Tests.EditMode' already exists (Assets/Tests/EditMode/Tests.EditMode.asmdef)
Mono: successfully reloaded assembly
- Finished resetting the current domain, in  0.656 seconds
Domain Reload Profiling: 1372ms
	BeginReloadAssembly (210ms)
		ExecutionOrderSort (0ms)
		DisableScriptedObjects (15ms)
		BackupInstance (0ms)
		ReleaseScriptingObjects (0ms)
		CreateAndSetChildDomain (50ms)
	RebuildCommonClasses (35ms)
	RebuildNativeTypeToScriptingClass (18ms)
	initialDomainReloadingComplete (30ms)
	LoadAllAssembliesAndSetupDomain (423ms)
		LoadAssemblies (323ms)
		RebuildTransferFunctionScriptingTraits (0ms)
		AnalyzeDomain (187ms)
			TypeCache.Refresh (7ms)
				TypeCache.ScanAssembly (0ms)
			BuildScriptInfoCaches (165ms)
			ResolveRequiredComponents (11ms)
	FinalizeReload (656ms)
		ReleaseScriptCaches (0ms)
		RebuildScriptCaches (0ms)
		SetupLoadedEditorAssemblies (504ms)
			LogAssemblyErrors (0ms)
			InitializePlatformSupportModulesInManaged (2ms)
			SetLoadedEditorAssemblies (3ms)
			BeforeProcessingInitializeOnLoad (145ms)
			ProcessInitializeOnLoadAttributes (280ms)
			ProcessInitializeOnLoadMethodAttributes (70ms)
			AfterProcessingInitializeOnLoad (4ms)
			EditorAssembliesLoaded (0ms)
		ExecutionOrderSort2 (0ms)
		AwakeInstancesAfterBackupRestoration (13ms)
Refreshing native plugins compatible for Editor in 1.64 ms, found 4 plugins.
Preloading 0 native plugins for Editor in 0.00 ms.
Unloading 31 Unused Serialized files (Serialized files now loaded: 0)
Unloading 6651 unused Assets / (6.6 MB). Loaded Objects now: 7360.
Memory consumption went from 159.4 MB to 152.8 MB.
Total: 9.711100 ms (FindLiveObjects: 0.740700 ms CreateObjectMapping: 0.686500 ms MarkObjects: 4.655300 ms  DeleteObjects: 3.627300 ms)

Prepare: number of updated asset objects reloaded= 0
========================================================================
Received Prepare
Assembly with name 'Tests.EditMode' already exists (Assets/Tests/Editor/Tests.Editor.asmdef)
Assembly with name 'Tests.EditMode' already exists (Assets/Tests/EditMode/Tests.EditMode.asmdef)
Assembly with name 'Tests.EditMode' already exists (Assets/Tests_test/EditMode/Tests.EditMode.asmdef)
Assembly with name 'Tests.EditMode' already exists (Assets/Tests/EditMode/Tests.EditMode.asmdef)
Assembly with name 'Tests.EditMode' already exists (Assets/Tests/Tests.Editor.asmdef)
Assembly with name 'Tests.EditMode' already exists (Assets/Tests/EditMode/Tests.EditMode.asmdef)
Assembly with name 'Tests.EditMode' already exists (Assets/Tests/Editor/Tests.Editor.asmdef)
Assembly with name 'Tests.EditMode' already exists (Assets/Tests/EditMode/Tests.EditMode.asmdef)
Assembly with name 'Tests.EditMode' already exists (Assets/Tests_test/EditMode/Tests.EditMode.asmdef)
Assembly with name 'Tests.EditMode' already exists (Assets/Tests/EditMode/Tests.EditMode.asmdef)
Assembly with name 'Tests.EditMode' already exists (Assets/Tests/Tests.Editor.asmdef)
Assembly with name 'Tests.EditMode' already exists (Assets/Tests/EditMode/Tests.EditMode.asmdef)
Begin MonoManager ReloadAssembly
- Loaded All Assemblies, in  0.765 seconds
Assembly with name 'Tests.EditMode' already exists (Assets/Tests/Editor/Tests.Editor.asmdef)
Assembly with name 'Tests.EditMode' already exists (Assets/Tests/EditMode/Tests.EditMode.asmdef)
Assembly with name 'Tests.EditMode' already exists (Assets/Tests_test/EditMode/Tests.EditMode.asmdef)
Assembly with name 'Tests.EditMode' already exists (Assets/Tests/EditMode/Tests.EditMode.asmdef)
Assembly with name 'Tests.EditMode' already exists (Assets/Tests/Tests.Editor.asmdef)
Assembly with name 'Tests.EditMode' already exists (Assets/Tests/EditMode/Tests.EditMode.asmdef)
Refreshing native plugins compatible for Editor in 1.39 ms, found 4 plugins.
Native extension for WindowsStandalone target not found
Assembly with name 'Tests.EditMode' already exists (Assets/Tests/Editor/Tests.Editor.asmdef)
Assembly with name 'Tests.EditMode' already exists (Assets/Tests/EditMode/Tests.EditMode.asmdef)
Assembly with name 'Tests.EditMode' already exists (Assets/Tests_test/EditMode/Tests.EditMode.asmdef)
Assembly with name 'Tests.EditMode' already exists (Assets/Tests/EditMode/Tests.EditMode.asmdef)
Assembly with name 'Tests.EditMode' already exists (Assets/Tests/Tests.Editor.asmdef)
Assembly with name 'Tests.EditMode' already exists (Assets/Tests/EditMode/Tests.EditMode.asmdef)
Mono: successfully reloaded assembly
- Finished resetting the current domain, in  0.694 seconds
Domain Reload Profiling: 1460ms
	BeginReloadAssembly (237ms)
		ExecutionOrderSort (0ms)
		DisableScriptedObjects (19ms)
		BackupInstance (0ms)
		ReleaseScriptingObjects (0ms)
		CreateAndSetChildDomain (50ms)
	RebuildCommonClasses (46ms)
	RebuildNativeTypeToScriptingClass (16ms)
	initialDomainReloadingComplete (29ms)
	LoadAllAssembliesAndSetupDomain (437ms)
		LoadAssemblies (341ms)
		RebuildTransferFunctionScriptingTraits (0ms)
		AnalyzeDomain (212ms)
			TypeCache.Refresh (8ms)
				TypeCache.ScanAssembly (0ms)
			BuildScriptInfoCaches (183ms)
			ResolveRequiredComponents (16ms)
	FinalizeReload (695ms)
		ReleaseScriptCaches (0ms)
		RebuildScriptCaches (0ms)
		SetupLoadedEditorAssemblies (529ms)
			LogAssemblyErrors (0ms)
			InitializePlatformSupportModulesInManaged (1ms)
			SetLoadedEditorAssemblies (3ms)
			BeforeProcessingInitializeOnLoad (127ms)
			ProcessInitializeOnLoadAttributes (307ms)
			ProcessInitializeOnLoadMethodAttributes (84ms)
			AfterProcessingInitializeOnLoad (6ms)
			EditorAssembliesLoaded (0ms)
		ExecutionOrderSort2 (0ms)
		AwakeInstancesAfterBackupRestoration (14ms)
Refreshing native plugins compatible for Editor in 1.48 ms, found 4 plugins.
Preloading 0 native plugins for Editor in 0.00 ms.
Unloading 31 Unused Serialized files (Serialized files now loaded: 0)
Unloading 6651 unused Assets / (6.5 MB). Loaded Objects now: 7362.
Memory consumption went from 161.4 MB to 154.9 MB.
Total: 9.875100 ms (FindLiveObjects: 0.762600 ms CreateObjectMapping: 0.670200 ms MarkObjects: 4.248300 ms  DeleteObjects: 4.192000 ms)

Prepare: number of updated asset objects reloaded= 0
========================================================================
Received Prepare
Assembly with name 'Tests.EditMode' already exists (Assets/Tests/Editor/Tests.Editor.asmdef)
Assembly with name 'Tests.EditMode' already exists (Assets/Tests/EditMode/Tests.EditMode.asmdef)
Assembly with name 'Tests.EditMode' already exists (Assets/Tests_test/EditMode/Tests.EditMode.asmdef)
Assembly with name 'Tests.EditMode' already exists (Assets/Tests/EditMode/Tests.EditMode.asmdef)
Assembly with name 'Tests.EditMode' already exists (Assets/Tests/Tests.Editor.asmdef)
Assembly with name 'Tests.EditMode' already exists (Assets/Tests/EditMode/Tests.EditMode.asmdef)
Assembly with name 'Tests1' already exists (Assets/Tests/Tests 1.asmdef)
Assembly with name 'Tests1' already exists (Assets/Tests 1/Tests 1.asmdef)
Assembly with name 'Tests.EditMode' already exists (Assets/Tests/Editor/Tests.Editor.asmdef)
Assembly with name 'Tests.EditMode' already exists (Assets/Tests/EditMode/Tests.EditMode.asmdef)
Assembly with name 'Tests.EditMode' already exists (Assets/Tests_test/EditMode/Tests.EditMode.asmdef)
Assembly with name 'Tests.EditMode' already exists (Assets/Tests/EditMode/Tests.EditMode.asmdef)
Assembly with name 'Tests.EditMode' already exists (Assets/Tests/Tests.Editor.asmdef)
Assembly with name 'Tests.EditMode' already exists (Assets/Tests/EditMode/Tests.EditMode.asmdef)
Assembly with name 'Tests1' already exists (Assets/Tests/Tests 1.asmdef)
Assembly with name 'Tests1' already exists (Assets/Tests 1/Tests 1.asmdef)
Begin MonoManager ReloadAssembly
- Loaded All Assemblies, in  0.746 seconds
Assembly with name 'Tests.EditMode' already exists (Assets/Tests/Editor/Tests.Editor.asmdef)
Assembly with name 'Tests.EditMode' already exists (Assets/Tests/EditMode/Tests.EditMode.asmdef)
Assembly with name 'Tests.EditMode' already exists (Assets/Tests_test/EditMode/Tests.EditMode.asmdef)
Assembly with name 'Tests.EditMode' already exists (Assets/Tests/EditMode/Tests.EditMode.asmdef)
Assembly with name 'Tests.EditMode' already exists (Assets/Tests/Tests.Editor.asmdef)
Assembly with name 'Tests.EditMode' already exists (Assets/Tests/EditMode/Tests.EditMode.asmdef)
Assembly with name 'Tests1' already exists (Assets/Tests/Tests 1.asmdef)
Assembly with name 'Tests1' already exists (Assets/Tests 1/Tests 1.asmdef)
Refreshing native plugins compatible for Editor in 1.25 ms, found 4 plugins.
Native extension for WindowsStandalone target not found
Assembly with name 'Tests.EditMode' already exists (Assets/Tests/Editor/Tests.Editor.asmdef)
Assembly with name 'Tests.EditMode' already exists (Assets/Tests/EditMode/Tests.EditMode.asmdef)
Assembly with name 'Tests.EditMode' already exists (Assets/Tests_test/EditMode/Tests.EditMode.asmdef)
Assembly with name 'Tests.EditMode' already exists (Assets/Tests/EditMode/Tests.EditMode.asmdef)
Assembly with name 'Tests.EditMode' already exists (Assets/Tests/Tests.Editor.asmdef)
Assembly with name 'Tests.EditMode' already exists (Assets/Tests/EditMode/Tests.EditMode.asmdef)
Assembly with name 'Tests1' already exists (Assets/Tests/Tests 1.asmdef)
Assembly with name 'Tests1' already exists (Assets/Tests 1/Tests 1.asmdef)
Mono: successfully reloaded assembly
- Finished resetting the current domain, in  0.767 seconds
Domain Reload Profiling: 1514ms
	BeginReloadAssembly (220ms)
		ExecutionOrderSort (0ms)
		DisableScriptedObjects (16ms)
		BackupInstance (0ms)
		ReleaseScriptingObjects (0ms)
		CreateAndSetChildDomain (57ms)
	RebuildCommonClasses (39ms)
	RebuildNativeTypeToScriptingClass (20ms)
	initialDomainReloadingComplete (30ms)
	LoadAllAssembliesAndSetupDomain (437ms)
		LoadAssemblies (321ms)
		RebuildTransferFunctionScriptingTraits (0ms)
		AnalyzeDomain (206ms)
			TypeCache.Refresh (8ms)
				TypeCache.ScanAssembly (0ms)
			BuildScriptInfoCaches (181ms)
			ResolveRequiredComponents (13ms)
	FinalizeReload (768ms)
		ReleaseScriptCaches (0ms)
		RebuildScriptCaches (0ms)
		SetupLoadedEditorAssemblies (596ms)
			LogAssemblyErrors (0ms)
			InitializePlatformSupportModulesInManaged (2ms)
			SetLoadedEditorAssemblies (4ms)
			BeforeProcessingInitializeOnLoad (142ms)
			ProcessInitializeOnLoadAttributes (345ms)
			ProcessInitializeOnLoadMethodAttributes (98ms)
			AfterProcessingInitializeOnLoad (6ms)
			EditorAssembliesLoaded (0ms)
		ExecutionOrderSort2 (0ms)
		AwakeInstancesAfterBackupRestoration (19ms)
Refreshing native plugins compatible for Editor in 1.72 ms, found 4 plugins.
Preloading 0 native plugins for Editor in 0.00 ms.
Unloading 31 Unused Serialized files (Serialized files now loaded: 0)
Unloading 6651 unused Assets / (5.8 MB). Loaded Objects now: 7364.
Memory consumption went from 163.5 MB to 157.7 MB.
Total: 13.408000 ms (FindLiveObjects: 0.776400 ms CreateObjectMapping: 1.344000 ms MarkObjects: 6.732900 ms  DeleteObjects: 4.552800 ms)

Prepare: number of updated asset objects reloaded= 0
========================================================================
Received Prepare
Assembly with name 'Tests.EditMode' already exists (Assets/Tests/Editor/Tests.Editor.asmdef)
Assembly with name 'Tests.EditMode' already exists (Assets/Tests/EditMode/Tests.EditMode.asmdef)
Assembly with name 'Tests.EditMode' already exists (Assets/Tests_test/EditMode/Tests.EditMode.asmdef)
Assembly with name 'Tests.EditMode' already exists (Assets/Tests/EditMode/Tests.EditMode.asmdef)
Assembly with name 'Tests.EditMode' already exists (Assets/Tests/Tests.Editor.asmdef)
Assembly with name 'Tests.EditMode' already exists (Assets/Tests/EditMode/Tests.EditMode.asmdef)
Assembly with name 'Tests.EditMode' already exists (Assets/Tests/Tests 1.asmdef)
Assembly with name 'Tests.EditMode' already exists (Assets/Tests/EditMode/Tests.EditMode.asmdef)
Assembly with name 'Tests.EditMode' already exists (Assets/Tests/Editor/Tests.Editor.asmdef)
Assembly with name 'Tests.EditMode' already exists (Assets/Tests/EditMode/Tests.EditMode.asmdef)
Assembly with name 'Tests.EditMode' already exists (Assets/Tests_test/EditMode/Tests.EditMode.asmdef)
Assembly with name 'Tests.EditMode' already exists (Assets/Tests/EditMode/Tests.EditMode.asmdef)
Assembly with name 'Tests.EditMode' already exists (Assets/Tests/Tests.Editor.asmdef)
Assembly with name 'Tests.EditMode' already exists (Assets/Tests/EditMode/Tests.EditMode.asmdef)
Assembly with name 'Tests.EditMode' already exists (Assets/Tests/Tests 1.asmdef)
Assembly with name 'Tests.EditMode' already exists (Assets/Tests/EditMode/Tests.EditMode.asmdef)
Begin MonoManager ReloadAssembly
- Loaded All Assemblies, in  1.125 seconds
Assembly with name 'Tests.EditMode' already exists (Assets/Tests/Editor/Tests.Editor.asmdef)
Assembly with name 'Tests.EditMode' already exists (Assets/Tests/EditMode/Tests.EditMode.asmdef)
Assembly with name 'Tests.EditMode' already exists (Assets/Tests_test/EditMode/Tests.EditMode.asmdef)
Assembly with name 'Tests.EditMode' already exists (Assets/Tests/EditMode/Tests.EditMode.asmdef)
Assembly with name 'Tests.EditMode' already exists (Assets/Tests/Tests.Editor.asmdef)
Assembly with name 'Tests.EditMode' already exists (Assets/Tests/EditMode/Tests.EditMode.asmdef)
Assembly with name 'Tests.EditMode' already exists (Assets/Tests/Tests 1.asmdef)
Assembly with name 'Tests.EditMode' already exists (Assets/Tests/EditMode/Tests.EditMode.asmdef)
Refreshing native plugins compatible for Editor in 1.49 ms, found 4 plugins.
Native extension for WindowsStandalone target not found
Assembly with name 'Tests.EditMode' already exists (Assets/Tests/Editor/Tests.Editor.asmdef)
Assembly with name 'Tests.EditMode' already exists (Assets/Tests/EditMode/Tests.EditMode.asmdef)
Assembly with name 'Tests.EditMode' already exists (Assets/Tests_test/EditMode/Tests.EditMode.asmdef)
Assembly with name 'Tests.EditMode' already exists (Assets/Tests/EditMode/Tests.EditMode.asmdef)
Assembly with name 'Tests.EditMode' already exists (Assets/Tests/Tests.Editor.asmdef)
Assembly with name 'Tests.EditMode' already exists (Assets/Tests/EditMode/Tests.EditMode.asmdef)
Assembly with name 'Tests.EditMode' already exists (Assets/Tests/Tests 1.asmdef)
Assembly with name 'Tests.EditMode' already exists (Assets/Tests/EditMode/Tests.EditMode.asmdef)
Mono: successfully reloaded assembly
- Finished resetting the current domain, in  0.633 seconds
Domain Reload Profiling: 1757ms
	BeginReloadAssembly (295ms)
		ExecutionOrderSort (0ms)
		DisableScriptedObjects (20ms)
		BackupInstance (0ms)
		ReleaseScriptingObjects (1ms)
		CreateAndSetChildDomain (61ms)
	RebuildCommonClasses (50ms)
	RebuildNativeTypeToScriptingClass (18ms)
	initialDomainReloadingComplete (39ms)
	LoadAllAssembliesAndSetupDomain (722ms)
		LoadAssemblies (490ms)
		RebuildTransferFunctionScriptingTraits (0ms)
		AnalyzeDomain (366ms)
			TypeCache.Refresh (8ms)
				TypeCache.ScanAssembly (0ms)
			BuildScriptInfoCaches (334ms)
			ResolveRequiredComponents (17ms)
	FinalizeReload (633ms)
		ReleaseScriptCaches (0ms)
		RebuildScriptCaches (0ms)
		SetupLoadedEditorAssemblies (471ms)
			LogAssemblyErrors (0ms)
			InitializePlatformSupportModulesInManaged (2ms)
			SetLoadedEditorAssemblies (3ms)
			BeforeProcessingInitializeOnLoad (124ms)
			ProcessInitializeOnLoadAttributes (265ms)
			ProcessInitializeOnLoadMethodAttributes (72ms)
			AfterProcessingInitializeOnLoad (4ms)
			EditorAssembliesLoaded (0ms)
		ExecutionOrderSort2 (0ms)
		AwakeInstancesAfterBackupRestoration (14ms)
Refreshing native plugins compatible for Editor in 1.48 ms, found 4 plugins.
Preloading 0 native plugins for Editor in 0.00 ms.
Unloading 31 Unused Serialized files (Serialized files now loaded: 0)
Unloading 6651 unused Assets / (7.2 MB). Loaded Objects now: 7366.
Memory consumption went from 165.5 MB to 158.3 MB.
Total: 10.287700 ms (FindLiveObjects: 0.688800 ms CreateObjectMapping: 0.639400 ms MarkObjects: 4.300400 ms  DeleteObjects: 4.657700 ms)

Prepare: number of updated asset objects reloaded= 0
========================================================================
Received Prepare
Assembly with name 'Tests.EditMode' already exists (Assets/Tests/Editor/Tests.Editor.asmdef)
Assembly with name 'Tests.EditMode' already exists (Assets/Tests/EditMode/Tests.EditMode.asmdef)
Assembly with name 'Tests.EditMode' already exists (Assets/Tests_test/EditMode/Tests.EditMode.asmdef)
Assembly with name 'Tests.EditMode' already exists (Assets/Tests/EditMode/Tests.EditMode.asmdef)
Assembly with name 'Tests.EditMode' already exists (Assets/Tests/Test.asmdef)
Assembly with name 'Tests.EditMode' already exists (Assets/Tests/EditMode/Tests.EditMode.asmdef)
Assembly with name 'Tests.EditMode' already exists (Assets/Tests/Tests.Editor.asmdef)
Assembly with name 'Tests.EditMode' already exists (Assets/Tests/EditMode/Tests.EditMode.asmdef)
Assembly with name 'Tests.EditMode' already exists (Assets/Tests/Tests 1.asmdef)
Assembly with name 'Tests.EditMode' already exists (Assets/Tests/EditMode/Tests.EditMode.asmdef)
Assembly with name 'Tests.EditMode' already exists (Assets/Tests/Editor/Tests.Editor.asmdef)
Assembly with name 'Tests.EditMode' already exists (Assets/Tests/EditMode/Tests.EditMode.asmdef)
Assembly with name 'Tests.EditMode' already exists (Assets/Tests_test/EditMode/Tests.EditMode.asmdef)
Assembly with name 'Tests.EditMode' already exists (Assets/Tests/EditMode/Tests.EditMode.asmdef)
Assembly with name 'Tests.EditMode' already exists (Assets/Tests/Test.asmdef)
Assembly with name 'Tests.EditMode' already exists (Assets/Tests/EditMode/Tests.EditMode.asmdef)
Assembly with name 'Tests.EditMode' already exists (Assets/Tests/Tests.Editor.asmdef)
Assembly with name 'Tests.EditMode' already exists (Assets/Tests/EditMode/Tests.EditMode.asmdef)
Assembly with name 'Tests.EditMode' already exists (Assets/Tests/Tests 1.asmdef)
Assembly with name 'Tests.EditMode' already exists (Assets/Tests/EditMode/Tests.EditMode.asmdef)
Begin MonoManager ReloadAssembly
- Loaded All Assemblies, in  0.765 seconds
Assembly with name 'Tests.EditMode' already exists (Assets/Tests/Editor/Tests.Editor.asmdef)
Assembly with name 'Tests.EditMode' already exists (Assets/Tests/EditMode/Tests.EditMode.asmdef)
Assembly with name 'Tests.EditMode' already exists (Assets/Tests_test/EditMode/Tests.EditMode.asmdef)
Assembly with name 'Tests.EditMode' already exists (Assets/Tests/EditMode/Tests.EditMode.asmdef)
Assembly with name 'Tests.EditMode' already exists (Assets/Tests/Test.asmdef)
Assembly with name 'Tests.EditMode' already exists (Assets/Tests/EditMode/Tests.EditMode.asmdef)
Assembly with name 'Tests.EditMode' already exists (Assets/Tests/Tests.Editor.asmdef)
Assembly with name 'Tests.EditMode' already exists (Assets/Tests/EditMode/Tests.EditMode.asmdef)
Assembly with name 'Tests.EditMode' already exists (Assets/Tests/Tests 1.asmdef)
Assembly with name 'Tests.EditMode' already exists (Assets/Tests/EditMode/Tests.EditMode.asmdef)
Refreshing native plugins compatible for Editor in 1.65 ms, found 4 plugins.
Native extension for WindowsStandalone target not found
Assembly with name 'Tests.EditMode' already exists (Assets/Tests/Editor/Tests.Editor.asmdef)
Assembly with name 'Tests.EditMode' already exists (Assets/Tests/EditMode/Tests.EditMode.asmdef)
Assembly with name 'Tests.EditMode' already exists (Assets/Tests_test/EditMode/Tests.EditMode.asmdef)
Assembly with name 'Tests.EditMode' already exists (Assets/Tests/EditMode/Tests.EditMode.asmdef)
Assembly with name 'Tests.EditMode' already exists (Assets/Tests/Test.asmdef)
Assembly with name 'Tests.EditMode' already exists (Assets/Tests/EditMode/Tests.EditMode.asmdef)
Assembly with name 'Tests.EditMode' already exists (Assets/Tests/Tests.Editor.asmdef)
Assembly with name 'Tests.EditMode' already exists (Assets/Tests/EditMode/Tests.EditMode.asmdef)
Assembly with name 'Tests.EditMode' already exists (Assets/Tests/Tests 1.asmdef)
Assembly with name 'Tests.EditMode' already exists (Assets/Tests/EditMode/Tests.EditMode.asmdef)
Mono: successfully reloaded assembly
- Finished resetting the current domain, in  0.966 seconds
Domain Reload Profiling: 1731ms
	BeginReloadAssembly (221ms)
		ExecutionOrderSort (0ms)
		DisableScriptedObjects (16ms)
		BackupInstance (0ms)
		ReleaseScriptingObjects (0ms)
		CreateAndSetChildDomain (55ms)
	RebuildCommonClasses (37ms)
	RebuildNativeTypeToScriptingClass (14ms)
	initialDomainReloadingComplete (37ms)
	LoadAllAssembliesAndSetupDomain (454ms)
		LoadAssemblies (339ms)
		RebuildTransferFunctionScriptingTraits (0ms)
		AnalyzeDomain (213ms)
			TypeCache.Refresh (8ms)
				TypeCache.ScanAssembly (0ms)
			BuildScriptInfoCaches (190ms)
			ResolveRequiredComponents (11ms)
	FinalizeReload (967ms)
		ReleaseScriptCaches (0ms)
		RebuildScriptCaches (0ms)
		SetupLoadedEditorAssemblies (682ms)
			LogAssemblyErrors (0ms)
			InitializePlatformSupportModulesInManaged (3ms)
			SetLoadedEditorAssemblies (6ms)
			BeforeProcessingInitializeOnLoad (177ms)
			ProcessInitializeOnLoadAttributes (401ms)
			ProcessInitializeOnLoadMethodAttributes (90ms)
			AfterProcessingInitializeOnLoad (6ms)
			EditorAssembliesLoaded (0ms)
		ExecutionOrderSort2 (0ms)
		AwakeInstancesAfterBackupRestoration (15ms)
Refreshing native plugins compatible for Editor in 1.98 ms, found 4 plugins.
Preloading 0 native plugins for Editor in 0.00 ms.
Unloading 31 Unused Serialized files (Serialized files now loaded: 0)
Unloading 6651 unused Assets / (6.5 MB). Loaded Objects now: 7368.
Memory consumption went from 167.6 MB to 161.2 MB.
Total: 12.933800 ms (FindLiveObjects: 0.704900 ms CreateObjectMapping: 0.798000 ms MarkObjects: 6.279700 ms  DeleteObjects: 5.149700 ms)

Prepare: number of updated asset objects reloaded= 0
========================================================================
Received Prepare
Assembly with name 'Tests.EditMode' already exists (Assets/Tests/Editor/Tests.Editor.asmdef)
Assembly with name 'Tests.EditMode' already exists (Assets/Tests/EditMode/Tests.EditMode.asmdef)
Assembly with name 'Tests.EditMode' already exists (Assets/Tests_test/EditMode/Tests.EditMode.asmdef)
Assembly with name 'Tests.EditMode' already exists (Assets/Tests/EditMode/Tests.EditMode.asmdef)
Assembly with name 'Tests.EditMode' already exists (Assets/Tests/Test.asmdef)
Assembly with name 'Tests.EditMode' already exists (Assets/Tests/EditMode/Tests.EditMode.asmdef)
Assembly with name 'Tests.EditMode' already exists (Assets/Tests/Tests.Editor.asmdef)
Assembly with name 'Tests.EditMode' already exists (Assets/Tests/EditMode/Tests.EditMode.asmdef)
Assembly with name 'Tests.EditMode' already exists (Assets/Tests/Tests 1.asmdef)
Assembly with name 'Tests.EditMode' already exists (Assets/Tests/EditMode/Tests.EditMode.asmdef)
Assembly with name 'Tests.EditMode' already exists (Assets/Tests/Tests.EditMode.asmdef)
Assembly with name 'Tests.EditMode' already exists (Assets/Tests/EditMode/Tests.EditMode.asmdef)
Assembly with name 'Tests.EditMode' already exists (Assets/Tests/Editor/Tests.Editor.asmdef)
Assembly with name 'Tests.EditMode' already exists (Assets/Tests/EditMode/Tests.EditMode.asmdef)
Assembly with name 'Tests.EditMode' already exists (Assets/Tests_test/EditMode/Tests.EditMode.asmdef)
Assembly with name 'Tests.EditMode' already exists (Assets/Tests/EditMode/Tests.EditMode.asmdef)
Assembly with name 'Tests.EditMode' already exists (Assets/Tests/Test.asmdef)
Assembly with name 'Tests.EditMode' already exists (Assets/Tests/EditMode/Tests.EditMode.asmdef)
Assembly with name 'Tests.EditMode' already exists (Assets/Tests/Tests.Editor.asmdef)
Assembly with name 'Tests.EditMode' already exists (Assets/Tests/EditMode/Tests.EditMode.asmdef)
Assembly with name 'Tests.EditMode' already exists (Assets/Tests/Tests 1.asmdef)
Assembly with name 'Tests.EditMode' already exists (Assets/Tests/EditMode/Tests.EditMode.asmdef)
Assembly with name 'Tests.EditMode' already exists (Assets/Tests/Tests.EditMode.asmdef)
Assembly with name 'Tests.EditMode' already exists (Assets/Tests/EditMode/Tests.EditMode.asmdef)
Begin MonoManager ReloadAssembly
- Loaded All Assemblies, in  0.720 seconds
Assembly with name 'Tests.EditMode' already exists (Assets/Tests/Editor/Tests.Editor.asmdef)
Assembly with name 'Tests.EditMode' already exists (Assets/Tests/EditMode/Tests.EditMode.asmdef)
Assembly with name 'Tests.EditMode' already exists (Assets/Tests_test/EditMode/Tests.EditMode.asmdef)
Assembly with name 'Tests.EditMode' already exists (Assets/Tests/EditMode/Tests.EditMode.asmdef)
Assembly with name 'Tests.EditMode' already exists (Assets/Tests/Test.asmdef)
Assembly with name 'Tests.EditMode' already exists (Assets/Tests/EditMode/Tests.EditMode.asmdef)
Assembly with name 'Tests.EditMode' already exists (Assets/Tests/Tests.Editor.asmdef)
Assembly with name 'Tests.EditMode' already exists (Assets/Tests/EditMode/Tests.EditMode.asmdef)
Assembly with name 'Tests.EditMode' already exists (Assets/Tests/Tests 1.asmdef)
Assembly with name 'Tests.EditMode' already exists (Assets/Tests/EditMode/Tests.EditMode.asmdef)
Assembly with name 'Tests.EditMode' already exists (Assets/Tests/Tests.EditMode.asmdef)
Assembly with name 'Tests.EditMode' already exists (Assets/Tests/EditMode/Tests.EditMode.asmdef)
Refreshing native plugins compatible for Editor in 1.33 ms, found 4 plugins.
Native extension for WindowsStandalone target not found
Assembly with name 'Tests.EditMode' already exists (Assets/Tests/Editor/Tests.Editor.asmdef)
Assembly with name 'Tests.EditMode' already exists (Assets/Tests/EditMode/Tests.EditMode.asmdef)
Assembly with name 'Tests.EditMode' already exists (Assets/Tests_test/EditMode/Tests.EditMode.asmdef)
Assembly with name 'Tests.EditMode' already exists (Assets/Tests/EditMode/Tests.EditMode.asmdef)
Assembly with name 'Tests.EditMode' already exists (Assets/Tests/Test.asmdef)
Assembly with name 'Tests.EditMode' already exists (Assets/Tests/EditMode/Tests.EditMode.asmdef)
Assembly with name 'Tests.EditMode' already exists (Assets/Tests/Tests.Editor.asmdef)
Assembly with name 'Tests.EditMode' already exists (Assets/Tests/EditMode/Tests.EditMode.asmdef)
Assembly with name 'Tests.EditMode' already exists (Assets/Tests/Tests 1.asmdef)
Assembly with name 'Tests.EditMode' already exists (Assets/Tests/EditMode/Tests.EditMode.asmdef)
Assembly with name 'Tests.EditMode' already exists (Assets/Tests/Tests.EditMode.asmdef)
Assembly with name 'Tests.EditMode' already exists (Assets/Tests/EditMode/Tests.EditMode.asmdef)
Mono: successfully reloaded assembly
- Finished resetting the current domain, in  0.644 seconds
Domain Reload Profiling: 1364ms
	BeginReloadAssembly (204ms)
		ExecutionOrderSort (0ms)
		DisableScriptedObjects (15ms)
		BackupInstance (0ms)
		ReleaseScriptingObjects (0ms)
		CreateAndSetChildDomain (48ms)
	RebuildCommonClasses (41ms)
	RebuildNativeTypeToScriptingClass (15ms)
	initialDomainReloadingComplete (28ms)
	LoadAllAssembliesAndSetupDomain (431ms)
		LoadAssemblies (320ms)
		RebuildTransferFunctionScriptingTraits (0ms)
		AnalyzeDomain (200ms)
			TypeCache.Refresh (7ms)
				TypeCache.ScanAssembly (0ms)
			BuildScriptInfoCaches (177ms)
			ResolveRequiredComponents (11ms)
	FinalizeReload (644ms)
		ReleaseScriptCaches (0ms)
		RebuildScriptCaches (0ms)
		SetupLoadedEditorAssemblies (494ms)
			LogAssemblyErrors (0ms)
			InitializePlatformSupportModulesInManaged (2ms)
			SetLoadedEditorAssemblies (4ms)
			BeforeProcessingInitializeOnLoad (134ms)
			ProcessInitializeOnLoadAttributes (279ms)
			ProcessInitializeOnLoadMethodAttributes (71ms)
			AfterProcessingInitializeOnLoad (5ms)
			EditorAssembliesLoaded (0ms)
		ExecutionOrderSort2 (0ms)
		AwakeInstancesAfterBackupRestoration (13ms)
Refreshing native plugins compatible for Editor in 1.37 ms, found 4 plugins.
Preloading 0 native plugins for Editor in 0.00 ms.
Unloading 31 Unused Serialized files (Serialized files now loaded: 0)
Unloading 6651 unused Assets / (6.6 MB). Loaded Objects now: 7370.
Memory consumption went from 169.7 MB to 163.2 MB.
Total: 10.180700 ms (FindLiveObjects: 0.856100 ms CreateObjectMapping: 0.824500 ms MarkObjects: 4.444100 ms  DeleteObjects: 4.054800 ms)

Prepare: number of updated asset objects reloaded= 0
========================================================================
Received Prepare
Assembly with name 'Tests.EditMode' already exists (Assets/Tests/Editor/Tests.Editor.asmdef)
Assembly with name 'Tests.EditMode' already exists (Assets/Tests/EditMode/Tests.EditMode.asmdef)
Assembly with name 'Tests.EditMode' already exists (Assets/Tests_test/EditMode/Tests.EditMode.asmdef)
Assembly with name 'Tests.EditMode' already exists (Assets/Tests/EditMode/Tests.EditMode.asmdef)
Assembly with name 'Tests.EditMode' already exists (Assets/Tests/Test.asmdef)
Assembly with name 'Tests.EditMode' already exists (Assets/Tests/EditMode/Tests.EditMode.asmdef)
Assembly with name 'Tests.EditMode' already exists (Assets/Tests/Tests.Editor.asmdef)
Assembly with name 'Tests.EditMode' already exists (Assets/Tests/EditMode/Tests.EditMode.asmdef)
Assembly with name 'Tests.EditMode' already exists (Assets/Tests/Tests 1.asmdef)
Assembly with name 'Tests.EditMode' already exists (Assets/Tests/EditMode/Tests.EditMode.asmdef)
Assembly with name 'Tests.EditMode' already exists (Assets/Tests/Tests.EditMode.asmdef)
Assembly with name 'Tests.EditMode' already exists (Assets/Tests/EditMode/Tests.EditMode.asmdef)
Assembly with name 'Tests.EditMode' already exists (Assets/Tests/Editor/Tests.Editor.asmdef)
Assembly with name 'Tests.EditMode' already exists (Assets/Tests/EditMode/Tests.EditMode.asmdef)
Assembly with name 'Tests.EditMode' already exists (Assets/Tests_test/EditMode/Tests.EditMode.asmdef)
Assembly with name 'Tests.EditMode' already exists (Assets/Tests/EditMode/Tests.EditMode.asmdef)
Assembly with name 'Tests.EditMode' already exists (Assets/Tests/Test.asmdef)
Assembly with name 'Tests.EditMode' already exists (Assets/Tests/EditMode/Tests.EditMode.asmdef)
Assembly with name 'Tests.EditMode' already exists (Assets/Tests/Tests.Editor.asmdef)
Assembly with name 'Tests.EditMode' already exists (Assets/Tests/EditMode/Tests.EditMode.asmdef)
Assembly with name 'Tests.EditMode' already exists (Assets/Tests/Tests 1.asmdef)
Assembly with name 'Tests.EditMode' already exists (Assets/Tests/EditMode/Tests.EditMode.asmdef)
Assembly with name 'Tests.EditMode' already exists (Assets/Tests/Tests.EditMode.asmdef)
Assembly with name 'Tests.EditMode' already exists (Assets/Tests/EditMode/Tests.EditMode.asmdef)
Begin MonoManager ReloadAssembly
- Loaded All Assemblies, in  0.715 seconds
Assembly with name 'Tests.EditMode' already exists (Assets/Tests/Editor/Tests.Editor.asmdef)
Assembly with name 'Tests.EditMode' already exists (Assets/Tests/EditMode/Tests.EditMode.asmdef)
Assembly with name 'Tests.EditMode' already exists (Assets/Tests_test/EditMode/Tests.EditMode.asmdef)
Assembly with name 'Tests.EditMode' already exists (Assets/Tests/EditMode/Tests.EditMode.asmdef)
Assembly with name 'Tests.EditMode' already exists (Assets/Tests/Test.asmdef)
Assembly with name 'Tests.EditMode' already exists (Assets/Tests/EditMode/Tests.EditMode.asmdef)
Assembly with name 'Tests.EditMode' already exists (Assets/Tests/Tests.Editor.asmdef)
Assembly with name 'Tests.EditMode' already exists (Assets/Tests/EditMode/Tests.EditMode.asmdef)
Assembly with name 'Tests.EditMode' already exists (Assets/Tests/Tests 1.asmdef)
Assembly with name 'Tests.EditMode' already exists (Assets/Tests/EditMode/Tests.EditMode.asmdef)
Assembly with name 'Tests.EditMode' already exists (Assets/Tests/Tests.EditMode.asmdef)
Assembly with name 'Tests.EditMode' already exists (Assets/Tests/EditMode/Tests.EditMode.asmdef)
Refreshing native plugins compatible for Editor in 1.53 ms, found 4 plugins.
Native extension for WindowsStandalone target not found
Assembly with name 'Tests.EditMode' already exists (Assets/Tests/Editor/Tests.Editor.asmdef)
Assembly with name 'Tests.EditMode' already exists (Assets/Tests/EditMode/Tests.EditMode.asmdef)
Assembly with name 'Tests.EditMode' already exists (Assets/Tests_test/EditMode/Tests.EditMode.asmdef)
Assembly with name 'Tests.EditMode' already exists (Assets/Tests/EditMode/Tests.EditMode.asmdef)
Assembly with name 'Tests.EditMode' already exists (Assets/Tests/Test.asmdef)
Assembly with name 'Tests.EditMode' already exists (Assets/Tests/EditMode/Tests.EditMode.asmdef)
Assembly with name 'Tests.EditMode' already exists (Assets/Tests/Tests.Editor.asmdef)
Assembly with name 'Tests.EditMode' already exists (Assets/Tests/EditMode/Tests.EditMode.asmdef)
Assembly with name 'Tests.EditMode' already exists (Assets/Tests/Tests 1.asmdef)
Assembly with name 'Tests.EditMode' already exists (Assets/Tests/EditMode/Tests.EditMode.asmdef)
Assembly with name 'Tests.EditMode' already exists (Assets/Tests/Tests.EditMode.asmdef)
Assembly with name 'Tests.EditMode' already exists (Assets/Tests/EditMode/Tests.EditMode.asmdef)
Mono: successfully reloaded assembly
- Finished resetting the current domain, in  0.662 seconds
Domain Reload Profiling: 1377ms
	BeginReloadAssembly (198ms)
		ExecutionOrderSort (0ms)
		DisableScriptedObjects (15ms)
		BackupInstance (0ms)
		ReleaseScriptingObjects (0ms)
		CreateAndSetChildDomain (50ms)
	RebuildCommonClasses (39ms)
	RebuildNativeTypeToScriptingClass (14ms)
	initialDomainReloadingComplete (27ms)
	LoadAllAssembliesAndSetupDomain (436ms)
		LoadAssemblies (305ms)
		RebuildTransferFunctionScriptingTraits (0ms)
		AnalyzeDomain (215ms)
			TypeCache.Refresh (7ms)
				TypeCache.ScanAssembly (0ms)
			BuildScriptInfoCaches (191ms)
			ResolveRequiredComponents (12ms)
	FinalizeReload (663ms)
		ReleaseScriptCaches (0ms)
		RebuildScriptCaches (0ms)
		SetupLoadedEditorAssemblies (515ms)
			LogAssemblyErrors (0ms)
			InitializePlatformSupportModulesInManaged (2ms)
			SetLoadedEditorAssemblies (4ms)
			BeforeProcessingInitializeOnLoad (132ms)
			ProcessInitializeOnLoadAttributes (296ms)
			ProcessInitializeOnLoadMethodAttributes (76ms)
			AfterProcessingInitializeOnLoad (5ms)
			EditorAssembliesLoaded (0ms)
		ExecutionOrderSort2 (0ms)
		AwakeInstancesAfterBackupRestoration (14ms)
Refreshing native plugins compatible for Editor in 1.33 ms, found 4 plugins.
Preloading 0 native plugins for Editor in 0.00 ms.
Unloading 31 Unused Serialized files (Serialized files now loaded: 0)
Unloading 6651 unused Assets / (6.6 MB). Loaded Objects now: 7372.
Memory consumption went from 171.8 MB to 165.2 MB.
Total: 9.328100 ms (FindLiveObjects: 0.698300 ms CreateObjectMapping: 0.797300 ms MarkObjects: 4.270000 ms  DeleteObjects: 3.561700 ms)

Prepare: number of updated asset objects reloaded= 0
========================================================================
Received Prepare
Assembly with name 'Tests.EditMode' already exists (Assets/Tests/Editor/Tests.Editor.asmdef)
Assembly with name 'Tests.EditMode' already exists (Assets/Tests/EditMode/Tests.EditMode.asmdef)
Assembly with name 'Tests.EditMode' already exists (Assets/Tests_test/EditMode/Tests.EditMode.asmdef)
Assembly with name 'Tests.EditMode' already exists (Assets/Tests/EditMode/Tests.EditMode.asmdef)
Assembly with name 'Tests.EditMode' already exists (Assets/Tests/Test.asmdef)
Assembly with name 'Tests.EditMode' already exists (Assets/Tests/EditMode/Tests.EditMode.asmdef)
Assembly with name 'Tests.EditMode' already exists (Assets/Tests/Tests.Editor.asmdef)
Assembly with name 'Tests.EditMode' already exists (Assets/Tests/EditMode/Tests.EditMode.asmdef)
Assembly with name 'Tests.EditMode' already exists (Assets/Tests/Tests 1.asmdef)
Assembly with name 'Tests.EditMode' already exists (Assets/Tests/EditMode/Tests.EditMode.asmdef)
Assembly with name 'Tests.EditMode' already exists (Assets/Tests/Tests.EditMode.asmdef)
Assembly with name 'Tests.EditMode' already exists (Assets/Tests/EditMode/Tests.EditMode.asmdef)
Assembly with name 'Tests.EditMode' already exists (Assets/Tests/Editor/Tests.Editor.asmdef)
Assembly with name 'Tests.EditMode' already exists (Assets/Tests/EditMode/Tests.EditMode.asmdef)
Assembly with name 'Tests.EditMode' already exists (Assets/Tests_test/EditMode/Tests.EditMode.asmdef)
Assembly with name 'Tests.EditMode' already exists (Assets/Tests/EditMode/Tests.EditMode.asmdef)
Assembly with name 'Tests.EditMode' already exists (Assets/Tests/Test.asmdef)
Assembly with name 'Tests.EditMode' already exists (Assets/Tests/EditMode/Tests.EditMode.asmdef)
Assembly with name 'Tests.EditMode' already exists (Assets/Tests/Tests.Editor.asmdef)
Assembly with name 'Tests.EditMode' already exists (Assets/Tests/EditMode/Tests.EditMode.asmdef)
Assembly with name 'Tests.EditMode' already exists (Assets/Tests/Tests 1.asmdef)
Assembly with name 'Tests.EditMode' already exists (Assets/Tests/EditMode/Tests.EditMode.asmdef)
Assembly with name 'Tests.EditMode' already exists (Assets/Tests/Tests.EditMode.asmdef)
Assembly with name 'Tests.EditMode' already exists (Assets/Tests/EditMode/Tests.EditMode.asmdef)
Begin MonoManager ReloadAssembly
- Loaded All Assemblies, in  1.011 seconds
Assembly with name 'Tests.EditMode' already exists (Assets/Tests/Editor/Tests.Editor.asmdef)
Assembly with name 'Tests.EditMode' already exists (Assets/Tests/EditMode/Tests.EditMode.asmdef)
Assembly with name 'Tests.EditMode' already exists (Assets/Tests_test/EditMode/Tests.EditMode.asmdef)
Assembly with name 'Tests.EditMode' already exists (Assets/Tests/EditMode/Tests.EditMode.asmdef)
Assembly with name 'Tests.EditMode' already exists (Assets/Tests/Test.asmdef)
Assembly with name 'Tests.EditMode' already exists (Assets/Tests/EditMode/Tests.EditMode.asmdef)
Assembly with name 'Tests.EditMode' already exists (Assets/Tests/Tests.Editor.asmdef)
Assembly with name 'Tests.EditMode' already exists (Assets/Tests/EditMode/Tests.EditMode.asmdef)
Assembly with name 'Tests.EditMode' already exists (Assets/Tests/Tests 1.asmdef)
Assembly with name 'Tests.EditMode' already exists (Assets/Tests/EditMode/Tests.EditMode.asmdef)
Assembly with name 'Tests.EditMode' already exists (Assets/Tests/Tests.EditMode.asmdef)
Assembly with name 'Tests.EditMode' already exists (Assets/Tests/EditMode/Tests.EditMode.asmdef)
Refreshing native plugins compatible for Editor in 1.40 ms, found 4 plugins.
Native extension for WindowsStandalone target not found
Assembly with name 'Tests.EditMode' already exists (Assets/Tests/Editor/Tests.Editor.asmdef)
Assembly with name 'Tests.EditMode' already exists (Assets/Tests/EditMode/Tests.EditMode.asmdef)
Assembly with name 'Tests.EditMode' already exists (Assets/Tests_test/EditMode/Tests.EditMode.asmdef)
Assembly with name 'Tests.EditMode' already exists (Assets/Tests/EditMode/Tests.EditMode.asmdef)
Assembly with name 'Tests.EditMode' already exists (Assets/Tests/Test.asmdef)
Assembly with name 'Tests.EditMode' already exists (Assets/Tests/EditMode/Tests.EditMode.asmdef)
Assembly with name 'Tests.EditMode' already exists (Assets/Tests/Tests.Editor.asmdef)
Assembly with name 'Tests.EditMode' already exists (Assets/Tests/EditMode/Tests.EditMode.asmdef)
Assembly with name 'Tests.EditMode' already exists (Assets/Tests/Tests 1.asmdef)
Assembly with name 'Tests.EditMode' already exists (Assets/Tests/EditMode/Tests.EditMode.asmdef)
Assembly with name 'Tests.EditMode' already exists (Assets/Tests/Tests.EditMode.asmdef)
Assembly with name 'Tests.EditMode' already exists (Assets/Tests/EditMode/Tests.EditMode.asmdef)
Mono: successfully reloaded assembly
- Finished resetting the current domain, in  0.730 seconds
Domain Reload Profiling: 1741ms
	BeginReloadAssembly (269ms)
		ExecutionOrderSort (0ms)
		DisableScriptedObjects (22ms)
		BackupInstance (0ms)
		ReleaseScriptingObjects (0ms)
		CreateAndSetChildDomain (60ms)
	RebuildCommonClasses (62ms)
	RebuildNativeTypeToScriptingClass (21ms)
	initialDomainReloadingComplete (40ms)
	LoadAllAssembliesAndSetupDomain (619ms)
		LoadAssemblies (431ms)
		RebuildTransferFunctionScriptingTraits (0ms)
		AnalyzeDomain (307ms)
			TypeCache.Refresh (9ms)
				TypeCache.ScanAssembly (0ms)
			BuildScriptInfoCaches (274ms)
			ResolveRequiredComponents (19ms)
	FinalizeReload (730ms)
		ReleaseScriptCaches (0ms)
		RebuildScriptCaches (0ms)
		SetupLoadedEditorAssemblies (537ms)
			LogAssemblyErrors (0ms)
			InitializePlatformSupportModulesInManaged (2ms)
			SetLoadedEditorAssemblies (4ms)
			BeforeProcessingInitializeOnLoad (149ms)
			ProcessInitializeOnLoadAttributes (297ms)
			ProcessInitializeOnLoadMethodAttributes (79ms)
			AfterProcessingInitializeOnLoad (5ms)
			EditorAssembliesLoaded (0ms)
		ExecutionOrderSort2 (0ms)
		AwakeInstancesAfterBackupRestoration (14ms)
Refreshing native plugins compatible for Editor in 1.70 ms, found 4 plugins.
Preloading 0 native plugins for Editor in 0.00 ms.
Unloading 31 Unused Serialized files (Serialized files now loaded: 0)
Unloading 6651 unused Assets / (7.0 MB). Loaded Objects now: 7374.
Memory consumption went from 173.9 MB to 166.8 MB.
Total: 13.617600 ms (FindLiveObjects: 0.903700 ms CreateObjectMapping: 0.957000 ms MarkObjects: 6.635600 ms  DeleteObjects: 5.118600 ms)

Prepare: number of updated asset objects reloaded= 0
========================================================================
Received Prepare
Assembly with name 'Tests.EditMode' already exists (Assets/Tests/Editor/Tests.Editor.asmdef)
Assembly with name 'Tests.EditMode' already exists (Assets/Tests/EditMode/Tests.EditMode.asmdef)
Assembly with name 'Tests.EditMode' already exists (Assets/Tests_test/EditMode/Tests.EditMode.asmdef)
Assembly with name 'Tests.EditMode' already exists (Assets/Tests/EditMode/Tests.EditMode.asmdef)
Assembly with name 'Tests.EditMode' already exists (Assets/Tests/Test.asmdef)
Assembly with name 'Tests.EditMode' already exists (Assets/Tests/EditMode/Tests.EditMode.asmdef)
Assembly with name 'Tests.EditMode' already exists (Assets/Tests/Tests.Editor.asmdef)
Assembly with name 'Tests.EditMode' already exists (Assets/Tests/EditMode/Tests.EditMode.asmdef)
Assembly with name 'Tests.EditMode' already exists (Assets/Tests/Tests 1.asmdef)
Assembly with name 'Tests.EditMode' already exists (Assets/Tests/EditMode/Tests.EditMode.asmdef)
Assembly with name 'Tests.EditMode' already exists (Assets/Tests/Tests.EditMode.asmdef)
Assembly with name 'Tests.EditMode' already exists (Assets/Tests/EditMode/Tests.EditMode.asmdef)
Assembly with name 'Tests.EditMode' already exists (Assets/Tests/Editor/Tests.Editor.asmdef)
Assembly with name 'Tests.EditMode' already exists (Assets/Tests/EditMode/Tests.EditMode.asmdef)
Assembly with name 'Tests.EditMode' already exists (Assets/Tests_test/EditMode/Tests.EditMode.asmdef)
Assembly with name 'Tests.EditMode' already exists (Assets/Tests/EditMode/Tests.EditMode.asmdef)
Assembly with name 'Tests.EditMode' already exists (Assets/Tests/Test.asmdef)
Assembly with name 'Tests.EditMode' already exists (Assets/Tests/EditMode/Tests.EditMode.asmdef)
Assembly with name 'Tests.EditMode' already exists (Assets/Tests/Tests.Editor.asmdef)
Assembly with name 'Tests.EditMode' already exists (Assets/Tests/EditMode/Tests.EditMode.asmdef)
Assembly with name 'Tests.EditMode' already exists (Assets/Tests/Tests 1.asmdef)
Assembly with name 'Tests.EditMode' already exists (Assets/Tests/EditMode/Tests.EditMode.asmdef)
Assembly with name 'Tests.EditMode' already exists (Assets/Tests/Tests.EditMode.asmdef)
Assembly with name 'Tests.EditMode' already exists (Assets/Tests/EditMode/Tests.EditMode.asmdef)
Begin MonoManager ReloadAssembly
- Loaded All Assemblies, in  0.722 seconds
Assembly with name 'Tests.EditMode' already exists (Assets/Tests/Editor/Tests.Editor.asmdef)
Assembly with name 'Tests.EditMode' already exists (Assets/Tests/EditMode/Tests.EditMode.asmdef)
Assembly with name 'Tests.EditMode' already exists (Assets/Tests_test/EditMode/Tests.EditMode.asmdef)
Assembly with name 'Tests.EditMode' already exists (Assets/Tests/EditMode/Tests.EditMode.asmdef)
Assembly with name 'Tests.EditMode' already exists (Assets/Tests/Test.asmdef)
Assembly with name 'Tests.EditMode' already exists (Assets/Tests/EditMode/Tests.EditMode.asmdef)
Assembly with name 'Tests.EditMode' already exists (Assets/Tests/Tests.Editor.asmdef)
Assembly with name 'Tests.EditMode' already exists (Assets/Tests/EditMode/Tests.EditMode.asmdef)
Assembly with name 'Tests.EditMode' already exists (Assets/Tests/Tests 1.asmdef)
Assembly with name 'Tests.EditMode' already exists (Assets/Tests/EditMode/Tests.EditMode.asmdef)
Assembly with name 'Tests.EditMode' already exists (Assets/Tests/Tests.EditMode.asmdef)
Assembly with name 'Tests.EditMode' already exists (Assets/Tests/EditMode/Tests.EditMode.asmdef)
Refreshing native plugins compatible for Editor in 1.46 ms, found 4 plugins.
Native extension for WindowsStandalone target not found
Assembly with name 'Tests.EditMode' already exists (Assets/Tests/Editor/Tests.Editor.asmdef)
Assembly with name 'Tests.EditMode' already exists (Assets/Tests/EditMode/Tests.EditMode.asmdef)
Assembly with name 'Tests.EditMode' already exists (Assets/Tests_test/EditMode/Tests.EditMode.asmdef)
Assembly with name 'Tests.EditMode' already exists (Assets/Tests/EditMode/Tests.EditMode.asmdef)
Assembly with name 'Tests.EditMode' already exists (Assets/Tests/Test.asmdef)
Assembly with name 'Tests.EditMode' already exists (Assets/Tests/EditMode/Tests.EditMode.asmdef)
Assembly with name 'Tests.EditMode' already exists (Assets/Tests/Tests.Editor.asmdef)
Assembly with name 'Tests.EditMode' already exists (Assets/Tests/EditMode/Tests.EditMode.asmdef)
Assembly with name 'Tests.EditMode' already exists (Assets/Tests/Tests 1.asmdef)
Assembly with name 'Tests.EditMode' already exists (Assets/Tests/EditMode/Tests.EditMode.asmdef)
Assembly with name 'Tests.EditMode' already exists (Assets/Tests/Tests.EditMode.asmdef)
Assembly with name 'Tests.EditMode' already exists (Assets/Tests/EditMode/Tests.EditMode.asmdef)
Mono: successfully reloaded assembly
- Finished resetting the current domain, in  0.719 seconds
Domain Reload Profiling: 1443ms
	BeginReloadAssembly (203ms)
		ExecutionOrderSort (0ms)
		DisableScriptedObjects (14ms)
		BackupInstance (0ms)
		ReleaseScriptingObjects (0ms)
		CreateAndSetChildDomain (49ms)
	RebuildCommonClasses (45ms)
	RebuildNativeTypeToScriptingClass (14ms)
	initialDomainReloadingComplete (33ms)
	LoadAllAssembliesAndSetupDomain (427ms)
		LoadAssemblies (310ms)
		RebuildTransferFunctionScriptingTraits (0ms)
		AnalyzeDomain (206ms)
			TypeCache.Refresh (8ms)
				TypeCache.ScanAssembly (0ms)
			BuildScriptInfoCaches (182ms)
			ResolveRequiredComponents (12ms)
	FinalizeReload (720ms)
		ReleaseScriptCaches (0ms)
		RebuildScriptCaches (0ms)
		SetupLoadedEditorAssemblies (519ms)
			LogAssemblyErrors (0ms)
			InitializePlatformSupportModulesInManaged (2ms)
			SetLoadedEditorAssemblies (4ms)
			BeforeProcessingInitializeOnLoad (146ms)
			ProcessInitializeOnLoadAttributes (284ms)
			ProcessInitializeOnLoadMethodAttributes (77ms)
			AfterProcessingInitializeOnLoad (4ms)
			EditorAssembliesLoaded (0ms)
		ExecutionOrderSort2 (0ms)
		AwakeInstancesAfterBackupRestoration (14ms)
Refreshing native plugins compatible for Editor in 1.32 ms, found 4 plugins.
Preloading 0 native plugins for Editor in 0.00 ms.
Unloading 31 Unused Serialized files (Serialized files now loaded: 0)
Unloading 6651 unused Assets / (6.7 MB). Loaded Objects now: 7376.
Memory consumption went from 175.9 MB to 169.2 MB.
Total: 9.569300 ms (FindLiveObjects: 0.838400 ms CreateObjectMapping: 0.710400 ms MarkObjects: 4.292400 ms  DeleteObjects: 3.726100 ms)

Prepare: number of updated asset objects reloaded= 0
========================================================================
Received Prepare
Refreshing native plugins compatible for Editor in 1.54 ms, found 4 plugins.
Preloading 0 native plugins for Editor in 0.00 ms.
Unloading 31 Unused Serialized files (Serialized files now loaded: 0)
Unloading 6641 unused Assets / (6.5 MB). Loaded Objects now: 7377.
Memory consumption went from 178.1 MB to 171.5 MB.
Total: 10.810400 ms (FindLiveObjects: 0.869600 ms CreateObjectMapping: 0.808800 ms MarkObjects: 4.979400 ms  DeleteObjects: 4.151300 ms)

Prepare: number of updated asset objects reloaded= 0
========================================================================
Received Prepare
Refreshing native plugins compatible for Editor in 2.56 ms, found 4 plugins.
Preloading 0 native plugins for Editor in 0.00 ms.
Unloading 31 Unused Serialized files (Serialized files now loaded: 0)
Unloading 6642 unused Assets / (5.5 MB). Loaded Objects now: 7378.
Memory consumption went from 180.1 MB to 174.6 MB.
Total: 15.894100 ms (FindLiveObjects: 1.034400 ms CreateObjectMapping: 0.965300 ms MarkObjects: 8.017700 ms  DeleteObjects: 5.874800 ms)

Prepare: number of updated asset objects reloaded= 0
========================================================================
Received Prepare
Refreshing native plugins compatible for Editor in 1.64 ms, found 4 plugins.
Preloading 0 native plugins for Editor in 0.00 ms.
Unloading 31 Unused Serialized files (Serialized files now loaded: 0)
Unloading 6642 unused Assets / (6.3 MB). Loaded Objects now: 7378.
Memory consumption went from 182.1 MB to 175.8 MB.
Total: 16.759300 ms (FindLiveObjects: 0.935800 ms CreateObjectMapping: 1.388200 ms MarkObjects: 9.205400 ms  DeleteObjects: 5.228600 ms)

Prepare: number of updated asset objects reloaded= 0
========================================================================
Received Prepare
Refreshing native plugins compatible for Editor in 1.83 ms, found 4 plugins.
Preloading 0 native plugins for Editor in 0.00 ms.
Unloading 31 Unused Serialized files (Serialized files now loaded: 0)
Unloading 6641 unused Assets / (6.3 MB). Loaded Objects now: 7377.
Memory consumption went from 184.2 MB to 177.9 MB.
Total: 15.575200 ms (FindLiveObjects: 1.304600 ms CreateObjectMapping: 1.891200 ms MarkObjects: 7.694000 ms  DeleteObjects: 4.683800 ms)

Prepare: number of updated asset objects reloaded= 0
========================================================================
Received Prepare
Refreshing native plugins compatible for Editor in 5.34 ms, found 4 plugins.
Preloading 0 native plugins for Editor in 0.00 ms.
Unloading 31 Unused Serialized files (Serialized files now loaded: 0)
Unloading 6641 unused Assets / (6.4 MB). Loaded Objects now: 7377.
Memory consumption went from 186.2 MB to 179.8 MB.
Total: 17.405300 ms (FindLiveObjects: 1.799800 ms CreateObjectMapping: 1.745600 ms MarkObjects: 7.510300 ms  DeleteObjects: 6.348200 ms)

Prepare: number of updated asset objects reloaded= 0
========================================================================
Received Prepare
Refreshing native plugins compatible for Editor in 2.59 ms, found 4 plugins.
Preloading 0 native plugins for Editor in 0.00 ms.
Unloading 31 Unused Serialized files (Serialized files now loaded: 0)
Unloading 6641 unused Assets / (6.3 MB). Loaded Objects now: 7377.
Memory consumption went from 188.2 MB to 181.9 MB.
Total: 16.416400 ms (FindLiveObjects: 1.389100 ms CreateObjectMapping: 1.600100 ms MarkObjects: 7.129600 ms  DeleteObjects: 6.295900 ms)

Prepare: number of updated asset objects reloaded= 0
========================================================================
Received Prepare
Refreshing native plugins compatible for Editor in 2.33 ms, found 4 plugins.
Preloading 0 native plugins for Editor in 0.00 ms.
Unloading 31 Unused Serialized files (Serialized files now loaded: 0)
Unloading 6641 unused Assets / (6.1 MB). Loaded Objects now: 7377.
Memory consumption went from 190.3 MB to 184.2 MB.
Total: 12.521500 ms (FindLiveObjects: 1.230100 ms CreateObjectMapping: 1.268400 ms MarkObjects: 5.498100 ms  DeleteObjects: 4.523100 ms)

Prepare: number of updated asset objects reloaded= 0
========================================================================
Received Prepare
Refreshing native plugins compatible for Editor in 2.13 ms, found 4 plugins.
Preloading 0 native plugins for Editor in 0.00 ms.
Unloading 31 Unused Serialized files (Serialized files now loaded: 0)
Unloading 6641 unused Assets / (7.5 MB). Loaded Objects now: 7377.
Memory consumption went from 192.3 MB to 184.8 MB.
Total: 14.062700 ms (FindLiveObjects: 0.983200 ms CreateObjectMapping: 1.230100 ms MarkObjects: 6.302500 ms  DeleteObjects: 5.545700 ms)

Prepare: number of updated asset objects reloaded= 0
========================================================================
Received Prepare
Refreshing native plugins compatible for Editor in 1.80 ms, found 4 plugins.
Preloading 0 native plugins for Editor in 0.00 ms.
Unloading 31 Unused Serialized files (Serialized files now loaded: 0)
Unloading 6641 unused Assets / (6.8 MB). Loaded Objects now: 7377.
Memory consumption went from 194.4 MB to 187.6 MB.
Total: 12.812300 ms (FindLiveObjects: 0.883200 ms CreateObjectMapping: 0.800000 ms MarkObjects: 6.631800 ms  DeleteObjects: 4.496000 ms)

Prepare: number of updated asset objects reloaded= 0
========================================================================
Received Prepare
Refreshing native plugins compatible for Editor in 1.72 ms, found 4 plugins.
Preloading 0 native plugins for Editor in 0.00 ms.
Unloading 31 Unused Serialized files (Serialized files now loaded: 0)
Unloading 6641 unused Assets / (6.7 MB). Loaded Objects now: 7377.
Memory consumption went from 196.4 MB to 189.7 MB.
Total: 10.180500 ms (FindLiveObjects: 0.819400 ms CreateObjectMapping: 0.778700 ms MarkObjects: 4.558300 ms  DeleteObjects: 4.022200 ms)

Prepare: number of updated asset objects reloaded= 0
========================================================================
Received Prepare
Assembly with name 'Tests.EditMode' already exists (Assets/Tests/Editor/Tests.Editor.asmdef)
Assembly with name 'Tests.EditMode' already exists (Assets/Tests/EditMode/Tests.EditMode.asmdef)
Assembly with name 'Tests.EditMode' already exists (Assets/Tests_test/EditMode/Tests.EditMode.asmdef)
Assembly with name 'Tests.EditMode' already exists (Assets/Tests/EditMode/Tests.EditMode.asmdef)
Assembly with name 'Tests.EditMode' already exists (Assets/Tests/Test.asmdef)
Assembly with name 'Tests.EditMode' already exists (Assets/Tests/EditMode/Tests.EditMode.asmdef)
Assembly with name 'Tests.EditMode' already exists (Assets/Tests/Tests.Editor.asmdef)
Assembly with name 'Tests.EditMode' already exists (Assets/Tests/EditMode/Tests.EditMode.asmdef)
Assembly with name 'Tests.EditMode' already exists (Assets/Tests/Tests 1.asmdef)
Assembly with name 'Tests.EditMode' already exists (Assets/Tests/EditMode/Tests.EditMode.asmdef)
Assembly with name 'Tests.EditMode' already exists (Assets/Tests/Tests.EditMode.asmdef)
Assembly with name 'Tests.EditMode' already exists (Assets/Tests/EditMode/Tests.EditMode.asmdef)
Assembly with name 'Tests.EditMode' already exists (Assets/Tests/Editor/Tests.Editor.asmdef)
Assembly with name 'Tests.EditMode' already exists (Assets/Tests/EditMode/Tests.EditMode.asmdef)
Assembly with name 'Tests.EditMode' already exists (Assets/Tests_test/EditMode/Tests.EditMode.asmdef)
Assembly with name 'Tests.EditMode' already exists (Assets/Tests/EditMode/Tests.EditMode.asmdef)
Assembly with name 'Tests.EditMode' already exists (Assets/Tests/Test.asmdef)
Assembly with name 'Tests.EditMode' already exists (Assets/Tests/EditMode/Tests.EditMode.asmdef)
Assembly with name 'Tests.EditMode' already exists (Assets/Tests/Tests.Editor.asmdef)
Assembly with name 'Tests.EditMode' already exists (Assets/Tests/EditMode/Tests.EditMode.asmdef)
Assembly with name 'Tests.EditMode' already exists (Assets/Tests/Tests 1.asmdef)
Assembly with name 'Tests.EditMode' already exists (Assets/Tests/EditMode/Tests.EditMode.asmdef)
Assembly with name 'Tests.EditMode' already exists (Assets/Tests/Tests.EditMode.asmdef)
Assembly with name 'Tests.EditMode' already exists (Assets/Tests/EditMode/Tests.EditMode.asmdef)
Begin MonoManager ReloadAssembly
- Loaded All Assemblies, in  0.758 seconds
Assembly with name 'Tests.EditMode' already exists (Assets/Tests/Editor/Tests.Editor.asmdef)
Assembly with name 'Tests.EditMode' already exists (Assets/Tests/EditMode/Tests.EditMode.asmdef)
Assembly with name 'Tests.EditMode' already exists (Assets/Tests_test/EditMode/Tests.EditMode.asmdef)
Assembly with name 'Tests.EditMode' already exists (Assets/Tests/EditMode/Tests.EditMode.asmdef)
Assembly with name 'Tests.EditMode' already exists (Assets/Tests/Test.asmdef)
Assembly with name 'Tests.EditMode' already exists (Assets/Tests/EditMode/Tests.EditMode.asmdef)
Assembly with name 'Tests.EditMode' already exists (Assets/Tests/Tests.Editor.asmdef)
Assembly with name 'Tests.EditMode' already exists (Assets/Tests/EditMode/Tests.EditMode.asmdef)
Assembly with name 'Tests.EditMode' already exists (Assets/Tests/Tests 1.asmdef)
Assembly with name 'Tests.EditMode' already exists (Assets/Tests/EditMode/Tests.EditMode.asmdef)
Assembly with name 'Tests.EditMode' already exists (Assets/Tests/Tests.EditMode.asmdef)
Assembly with name 'Tests.EditMode' already exists (Assets/Tests/EditMode/Tests.EditMode.asmdef)
Refreshing native plugins compatible for Editor in 2.35 ms, found 4 plugins.
Native extension for WindowsStandalone target not found
Assembly with name 'Tests.EditMode' already exists (Assets/Tests/Editor/Tests.Editor.asmdef)
Assembly with name 'Tests.EditMode' already exists (Assets/Tests/EditMode/Tests.EditMode.asmdef)
Assembly with name 'Tests.EditMode' already exists (Assets/Tests_test/EditMode/Tests.EditMode.asmdef)
Assembly with name 'Tests.EditMode' already exists (Assets/Tests/EditMode/Tests.EditMode.asmdef)
Assembly with name 'Tests.EditMode' already exists (Assets/Tests/Test.asmdef)
Assembly with name 'Tests.EditMode' already exists (Assets/Tests/EditMode/Tests.EditMode.asmdef)
Assembly with name 'Tests.EditMode' already exists (Assets/Tests/Tests.Editor.asmdef)
Assembly with name 'Tests.EditMode' already exists (Assets/Tests/EditMode/Tests.EditMode.asmdef)
Assembly with name 'Tests.EditMode' already exists (Assets/Tests/Tests 1.asmdef)
Assembly with name 'Tests.EditMode' already exists (Assets/Tests/EditMode/Tests.EditMode.asmdef)
Assembly with name 'Tests.EditMode' already exists (Assets/Tests/Tests.EditMode.asmdef)
Assembly with name 'Tests.EditMode' already exists (Assets/Tests/EditMode/Tests.EditMode.asmdef)
Mono: successfully reloaded assembly
- Finished resetting the current domain, in  0.656 seconds
Domain Reload Profiling: 1415ms
	BeginReloadAssembly (223ms)
		ExecutionOrderSort (0ms)
		DisableScriptedObjects (15ms)
		BackupInstance (0ms)
		ReleaseScriptingObjects (0ms)
		CreateAndSetChildDomain (57ms)
	RebuildCommonClasses (40ms)
	RebuildNativeTypeToScriptingClass (13ms)
	initialDomainReloadingComplete (36ms)
	LoadAllAssembliesAndSetupDomain (447ms)
		LoadAssemblies (324ms)
		RebuildTransferFunctionScriptingTraits (0ms)
		AnalyzeDomain (215ms)
			TypeCache.Refresh (12ms)
				TypeCache.ScanAssembly (1ms)
			BuildScriptInfoCaches (183ms)
			ResolveRequiredComponents (14ms)
	FinalizeReload (656ms)
		ReleaseScriptCaches (0ms)
		RebuildScriptCaches (0ms)
		SetupLoadedEditorAssemblies (505ms)
			LogAssemblyErrors (0ms)
			InitializePlatformSupportModulesInManaged (2ms)
			SetLoadedEditorAssemblies (4ms)
			BeforeProcessingInitializeOnLoad (139ms)
			ProcessInitializeOnLoadAttributes (278ms)
			ProcessInitializeOnLoadMethodAttributes (77ms)
			AfterProcessingInitializeOnLoad (5ms)
			EditorAssembliesLoaded (0ms)
		ExecutionOrderSort2 (0ms)
		AwakeInstancesAfterBackupRestoration (15ms)
Refreshing native plugins compatible for Editor in 1.37 ms, found 4 plugins.
Preloading 0 native plugins for Editor in 0.00 ms.
Unloading 31 Unused Serialized files (Serialized files now loaded: 0)
Unloading 6652 unused Assets / (6.6 MB). Loaded Objects now: 7379.
Memory consumption went from 198.4 MB to 191.8 MB.
Total: 9.190500 ms (FindLiveObjects: 0.786600 ms CreateObjectMapping: 0.641200 ms MarkObjects: 4.190800 ms  DeleteObjects: 3.570600 ms)

Prepare: number of updated asset objects reloaded= 0
========================================================================
Received Prepare
Refreshing native plugins compatible for Editor in 1.64 ms, found 4 plugins.
Preloading 0 native plugins for Editor in 0.00 ms.
Unloading 31 Unused Serialized files (Serialized files now loaded: 0)
Unloading 6641 unused Assets / (6.2 MB). Loaded Objects now: 7379.
Memory consumption went from 200.5 MB to 194.3 MB.
Total: 14.324000 ms (FindLiveObjects: 0.817700 ms CreateObjectMapping: 0.689100 ms MarkObjects: 7.924500 ms  DeleteObjects: 4.890500 ms)

Prepare: number of updated asset objects reloaded= 0
========================================================================
Received Prepare
Assembly with name 'Tests.EditMode' already exists (Assets/Tests/Editor/Tests.Editor.asmdef)
Assembly with name 'Tests.EditMode' already exists (Assets/Tests/EditMode/Tests.EditMode.asmdef)
Assembly with name 'Tests.EditMode' already exists (Assets/Tests_test/EditMode/Tests.EditMode.asmdef)
Assembly with name 'Tests.EditMode' already exists (Assets/Tests/EditMode/Tests.EditMode.asmdef)
Assembly with name 'Tests.EditMode' already exists (Assets/Tests/Test.asmdef)
Assembly with name 'Tests.EditMode' already exists (Assets/Tests/EditMode/Tests.EditMode.asmdef)
Assembly with name 'Tests.EditMode' already exists (Assets/Tests/Tests.Editor.asmdef)
Assembly with name 'Tests.EditMode' already exists (Assets/Tests/EditMode/Tests.EditMode.asmdef)
Assembly with name 'Tests.EditMode' already exists (Assets/Tests/Tests 1.asmdef)
Assembly with name 'Tests.EditMode' already exists (Assets/Tests/EditMode/Tests.EditMode.asmdef)
Assembly with name 'Tests.EditMode' already exists (Assets/Tests/Tests.EditMode.asmdef)
Assembly with name 'Tests.EditMode' already exists (Assets/Tests/EditMode/Tests.EditMode.asmdef)
Assembly with name 'Tests.EditMode' already exists (Assets/Tests/Editor/Tests.Editor.asmdef)
Assembly with name 'Tests.EditMode' already exists (Assets/Tests/EditMode/Tests.EditMode.asmdef)
Assembly with name 'Tests.EditMode' already exists (Assets/Tests_test/EditMode/Tests.EditMode.asmdef)
Assembly with name 'Tests.EditMode' already exists (Assets/Tests/EditMode/Tests.EditMode.asmdef)
Assembly with name 'Tests.EditMode' already exists (Assets/Tests/Test.asmdef)
Assembly with name 'Tests.EditMode' already exists (Assets/Tests/EditMode/Tests.EditMode.asmdef)
Assembly with name 'Tests.EditMode' already exists (Assets/Tests/Tests.Editor.asmdef)
Assembly with name 'Tests.EditMode' already exists (Assets/Tests/EditMode/Tests.EditMode.asmdef)
Assembly with name 'Tests.EditMode' already exists (Assets/Tests/Tests 1.asmdef)
Assembly with name 'Tests.EditMode' already exists (Assets/Tests/EditMode/Tests.EditMode.asmdef)
Assembly with name 'Tests.EditMode' already exists (Assets/Tests/Tests.EditMode.asmdef)
Assembly with name 'Tests.EditMode' already exists (Assets/Tests/EditMode/Tests.EditMode.asmdef)
Begin MonoManager ReloadAssembly
- Loaded All Assemblies, in  0.737 seconds
Assembly with name 'Tests.EditMode' already exists (Assets/Tests/Editor/Tests.Editor.asmdef)
Assembly with name 'Tests.EditMode' already exists (Assets/Tests/EditMode/Tests.EditMode.asmdef)
Assembly with name 'Tests.EditMode' already exists (Assets/Tests_test/EditMode/Tests.EditMode.asmdef)
Assembly with name 'Tests.EditMode' already exists (Assets/Tests/EditMode/Tests.EditMode.asmdef)
Assembly with name 'Tests.EditMode' already exists (Assets/Tests/Test.asmdef)
Assembly with name 'Tests.EditMode' already exists (Assets/Tests/EditMode/Tests.EditMode.asmdef)
Assembly with name 'Tests.EditMode' already exists (Assets/Tests/Tests.Editor.asmdef)
Assembly with name 'Tests.EditMode' already exists (Assets/Tests/EditMode/Tests.EditMode.asmdef)
Assembly with name 'Tests.EditMode' already exists (Assets/Tests/Tests 1.asmdef)
Assembly with name 'Tests.EditMode' already exists (Assets/Tests/EditMode/Tests.EditMode.asmdef)
Assembly with name 'Tests.EditMode' already exists (Assets/Tests/Tests.EditMode.asmdef)
Assembly with name 'Tests.EditMode' already exists (Assets/Tests/EditMode/Tests.EditMode.asmdef)
Refreshing native plugins compatible for Editor in 1.54 ms, found 4 plugins.
Native extension for WindowsStandalone target not found
Assembly with name 'Tests.EditMode' already exists (Assets/Tests/Editor/Tests.Editor.asmdef)
Assembly with name 'Tests.EditMode' already exists (Assets/Tests/EditMode/Tests.EditMode.asmdef)
Assembly with name 'Tests.EditMode' already exists (Assets/Tests_test/EditMode/Tests.EditMode.asmdef)
Assembly with name 'Tests.EditMode' already exists (Assets/Tests/EditMode/Tests.EditMode.asmdef)
Assembly with name 'Tests.EditMode' already exists (Assets/Tests/Test.asmdef)
Assembly with name 'Tests.EditMode' already exists (Assets/Tests/EditMode/Tests.EditMode.asmdef)
Assembly with name 'Tests.EditMode' already exists (Assets/Tests/Tests.Editor.asmdef)
Assembly with name 'Tests.EditMode' already exists (Assets/Tests/EditMode/Tests.EditMode.asmdef)
Assembly with name 'Tests.EditMode' already exists (Assets/Tests/Tests 1.asmdef)
Assembly with name 'Tests.EditMode' already exists (Assets/Tests/EditMode/Tests.EditMode.asmdef)
Assembly with name 'Tests.EditMode' already exists (Assets/Tests/Tests.EditMode.asmdef)
Assembly with name 'Tests.EditMode' already exists (Assets/Tests/EditMode/Tests.EditMode.asmdef)
Mono: successfully reloaded assembly
- Finished resetting the current domain, in  0.664 seconds
Domain Reload Profiling: 1403ms
	BeginReloadAssembly (217ms)
		ExecutionOrderSort (0ms)
		DisableScriptedObjects (16ms)
		BackupInstance (0ms)
		ReleaseScriptingObjects (0ms)
		CreateAndSetChildDomain (59ms)
	RebuildCommonClasses (36ms)
	RebuildNativeTypeToScriptingClass (13ms)
	initialDomainReloadingComplete (33ms)
	LoadAllAssembliesAndSetupDomain (439ms)
		LoadAssemblies (324ms)
		RebuildTransferFunctionScriptingTraits (0ms)
		AnalyzeDomain (205ms)
			TypeCache.Refresh (11ms)
				TypeCache.ScanAssembly (1ms)
			BuildScriptInfoCaches (179ms)
			ResolveRequiredComponents (11ms)
	FinalizeReload (665ms)
		ReleaseScriptCaches (0ms)
		RebuildScriptCaches (0ms)
		SetupLoadedEditorAssemblies (497ms)
			LogAssemblyErrors (0ms)
			InitializePlatformSupportModulesInManaged (2ms)
			SetLoadedEditorAssemblies (3ms)
			BeforeProcessingInitializeOnLoad (124ms)
			ProcessInitializeOnLoadAttributes (280ms)
			ProcessInitializeOnLoadMethodAttributes (81ms)
			AfterProcessingInitializeOnLoad (6ms)
			EditorAssembliesLoaded (0ms)
		ExecutionOrderSort2 (0ms)
		AwakeInstancesAfterBackupRestoration (17ms)
Refreshing native plugins compatible for Editor in 2.30 ms, found 4 plugins.
Preloading 0 native plugins for Editor in 0.00 ms.
Unloading 31 Unused Serialized files (Serialized files now loaded: 0)
Unloading 6652 unused Assets / (6.4 MB). Loaded Objects now: 7381.
Memory consumption went from 202.5 MB to 196.1 MB.
Total: 11.308900 ms (FindLiveObjects: 0.798700 ms CreateObjectMapping: 0.695600 ms MarkObjects: 5.121100 ms  DeleteObjects: 4.692200 ms)

Prepare: number of updated asset objects reloaded= 0
